#
# A fatal error has been detected by the Java Runtime Environment:
#
#  Internal Error (jvmciRuntime.cpp:1609), pid=29, tid=43
#  fatal error: Fatal exception in JVMCI: Error calling jdk.vm.ci.services.Services.serializeSavedProperties
#
# JRE version: OpenJDK Runtime Environment GraalVM CE 22.3.0 (17.0.5+8) (build 17.0.5+8-jvmci-22.3-b08)
# Java VM: OpenJDK 64-Bit Server VM GraalVM CE 22.3.0 (17.0.5+8-jvmci-22.3-b08, mixed mode, sharing, tiered, jvmci, jvmci compiler, compressed oops, compressed class ptrs, parallel gc, linux-amd64)
# Problematic frame:
# V  [libjvm.so+0x972714]  JVMCIRuntime::fatal_exception(JVMCIEnv*, char const*)+0x74
#
# Core dump will be written. Default location: Core dumps may be processed with "/usr/share/apport/apport -p%p -s%s -c%c -d%d -P%P -u%u -g%g -- %E" (or dumping to /home/runner/zad43-1/core.29)
#
# If you would like to submit a bug report, please visit:
#   https://github.com/oracle/graal/issues
#

---------------  S U M M A R Y ------------

Command Line: -XX:ThreadPriorityPolicy=1 -XX:+UnlockExperimentalVMOptions -XX:+EnableJVMCIProduct -XX:JVMCIThreadsPerNativeLibraryRuntime=1 -XX:-UnlockExperimentalVMOptions -Declipse.application=org.eclipse.jdt.ls.core.id1 -Dosgi.bundles.defaultStartLevel=4 -Declipse.product=org.eclipse.jdt.ls.core.product -Dlog.level=ALL -Xverify:none -XX:+UseParallelGC -XX:GCTimeRatio=4 -XX:AdaptiveSizePolicyWeight=90 -Dsun.zip.disableMemoryMapping=true -Xmx512m -Xms100m /nix/store/m6gcpi1ii6rghy04cjwjddcavv7i90df-jdt-language-server-1.9.0/share/java/plugins/org.eclipse.equinox.launcher_1.6.400.v20210924-0641.jar --add-modules=ALL-SYSTEM --add-opens java.base/java.util=ALL-UNNAMED --add-opens java.base/java.lang=ALL-UNNAMED -configuration /home/runner/.cache/jdt-language-server/config -data /home/runner/.cache/jdt-language-server/data/home/runner/zad43-1

Host: AMD EPYC 7B12, 8 cores, 1G, Ubuntu 20.04.2 LTS
Time: Thu Apr 27 19:34:18 2023 UTC elapsed time: 618.378813 seconds (0d 0h 10m 18s)

---------------  T H R E A D  ---------------

Current thread (0x00007f0a900b21b0):  JavaThread "JVMCI-native CompilerThread0" daemon [_thread_in_vm, id=43, stack(0x00007f0a74e1a000,0x00007f0a7501a000)]


Current CompileTask:
JVMCI-native: 618378 9482 %     4       java.lang.StringUTF16::getChars @ 16 (42 bytes)

Stack: [0x00007f0a74e1a000,0x00007f0a7501a000],  sp=0x00007f0a75018380,  free space=2040k
Native frames: (J=compiled Java code, j=interpreted, Vv=VM code, C=native code)
V  [libjvm.so+0x972714]  JVMCIRuntime::fatal_exception(JVMCIEnv*, char const*)+0x74
V  [libjvm.so+0x93e2fe]  JVMCIEnv::copy_saved_properties()+0x14e
V  [libjvm.so+0x9732a9]  JVMCIRuntime::initialize(JVMCIEnv*)+0xb19
V  [libjvm.so+0x9738a2]  JVMCIRuntime::get_HotSpotJVMCIRuntime(JVMCIEnv*)+0x12
V  [libjvm.so+0x9749f2]  JVMCIRuntime::compile_method(JVMCIEnv*, JVMCICompiler*, methodHandle const&, int)+0xd2
V  [libjvm.so+0x5b0d20]  CompileBroker::invoke_compiler_on_method(CompileTask*)+0x1470
V  [libjvm.so+0x5b12e8]  CompileBroker::compiler_thread_loop()+0x528
V  [libjvm.so+0xd82460]  JavaThread::thread_main_inner()+0xd0
V  [libjvm.so+0xd85a40]  Thread::call_run()+0xc0
V  [libjvm.so+0xbdb1e1]  thread_native_entry(Thread*)+0xe1

Register to memory mapping:

RAX=0x00007f0a94b3e000 points into unknown readable memory: 0x0000000000000058 | 58 00 00 00 00 00 00 00
RBX=0x00007f0a95c39398: <offset 0x0000000000ef5398> in /nix/store/gpxl5qgg8kicmcvivwmybwjlpf7wh20l-graalvm17-ce-22.3.0/lib/server/libjvm.so at 0x00007f0a94d44000
RCX=0x00007f0a95bf11e8: <offset 0x0000000000ead1e8> in /nix/store/gpxl5qgg8kicmcvivwmybwjlpf7wh20l-graalvm17-ce-22.3.0/lib/server/libjvm.so at 0x00007f0a94d44000
RDX=0x0000000000000649 is an unknown value
RSP=0x00007f0a75018380 is pointing into the stack for thread: 0x00007f0a900b21b0
RBP=0x00007f0a750183a0 is pointing into the stack for thread: 0x00007f0a900b21b0
RSI=0x00007f0a95c39c48: <offset 0x0000000000ef5c48> in /nix/store/gpxl5qgg8kicmcvivwmybwjlpf7wh20l-graalvm17-ce-22.3.0/lib/server/libjvm.so at 0x00007f0a94d44000
RDI=0x00000000e0000000 is an oop: java.lang.invoke.MethodType 
{0x00000000e0000000} - klass: 'java/lang/invoke/MethodType'
 - ---- fields (total size 5 words):
 - private final synchronized 'rtype' 'Ljava/lang/Class;' @12  a 'java/lang/Class'{0x00000000e06ec2d8} = void (e06ec2d8)
 - private final synchronized 'ptypes' '[Ljava/lang/Class;' @16  a 'java/lang/Class'[4] {0x00000000e0000028} (e0000028)
 - private synchronized 'form' 'Ljava/lang/invoke/MethodTypeForm;' @20  a 'java/lang/invoke/MethodTypeForm'{0x00000000e0000048} (e0000048)
 - private synchronized 'wrapAlt' 'Ljava/lang/Object;' @24  NULL (0)
 - private synchronized 'invokers' 'Ljava/lang/invoke/Invokers;' @28  NULL (0)
 - private synchronized 'methodDescriptor' 'Ljava/lang/String;' @32  NULL (0)
 - signature: (ILjava/lang/Object;Ljava/lang/Object;Ljava/lang/Object;)V
R8 =0x00007f0a95c39398: <offset 0x0000000000ef5398> in /nix/store/gpxl5qgg8kicmcvivwmybwjlpf7wh20l-graalvm17-ce-22.3.0/lib/server/libjvm.so at 0x00007f0a94d44000
R9 =0x00007f0a75018330 is pointing into the stack for thread: 0x00007f0a900b21b0
R10=0x00007f0a75019948 is pointing into the stack for thread: 0x00007f0a900b21b0
R11=0x0000000000000293 is an unknown value
R12=0x0 is NULL
R13=0x00007f0a900b21b0 is a thread
R14=0x00007f0a90000b80 points into unknown readable memory: 0x00007f0a95e6aa38 | 38 aa e6 95 0a 7f 00 00
R15=0x00007f0a95f78e40: <offset 0x0000000001234e40> in /nix/store/gpxl5qgg8kicmcvivwmybwjlpf7wh20l-graalvm17-ce-22.3.0/lib/server/libjvm.so at 0x00007f0a94d44000


Registers:
RAX=0x00007f0a94b3e000, RBX=0x00007f0a95c39398, RCX=0x00007f0a95bf11e8, RDX=0x0000000000000649
RSP=0x00007f0a75018380, RBP=0x00007f0a750183a0, RSI=0x00007f0a95c39c48, RDI=0x00000000e0000000
R8 =0x00007f0a95c39398, R9 =0x00007f0a75018330, R10=0x00007f0a75019948, R11=0x0000000000000293
R12=0x0000000000000000, R13=0x00007f0a900b21b0, R14=0x00007f0a90000b80, R15=0x00007f0a95f78e40
RIP=0x00007f0a956b6714, EFLAGS=0x0000000000010206, CSGSFS=0x002b000000000033, ERR=0x0000000000000006
  TRAPNO=0x000000000000000e

Top of Stack: (sp=0x00007f0a75018380)
0x00007f0a75018380:   00007f0a75018940 00007f0a900b21b0
0x00007f0a75018390:   00007f0a944d1888 0000000800c42498
0x00007f0a750183a0:   00007f0a75018500 00007f0a956822fe
0x00007f0a750183b0:   00007f0a750183e0 00007f0a75018440 

Instructions: (pc=0x00007f0a956b6714)
0x00007f0a956b6614:   30 e8 f6 cf e8 ff 4c 89 e7 e8 2e 48 d1 ff 84 db
0x00007f0a956b6624:   75 2a 4d 85 ed 74 04 4d 8b 6d 00 48 83 c4 08 44
0x00007f0a956b6634:   89 f9 4c 89 f2 4c 89 ee 5b 4c 89 e7 41 5c 41 5d
0x00007f0a956b6644:   41 5e 41 5f 5d e9 e2 47 d1 ff 66 90 48 83 c4 08
0x00007f0a956b6654:   5b 41 5c 41 5d 41 5e 41 5f 5d c3 90 31 d2 be 08
0x00007f0a956b6664:   00 00 00 4c 89 ff e8 b1 78 a3 ff 49 89 c5 e9 37
0x00007f0a956b6674:   ff ff ff 66 0f 1f 84 00 00 00 00 00 48 8b 7a 08
0x00007f0a956b6684:   e9 6d ff ff ff 0f 1f 80 00 00 00 00 e8 5b 48 0a
0x00007f0a956b6694:   00 84 c0 75 89 e9 6a ff ff ff 66 90 55 48 89 e5
0x00007f0a956b66a4:   41 56 41 55 41 54 49 89 fc 53 48 89 f3 66 48 8d
0x00007f0a956b66b4:   3d 27 5e 85 00 66 66 48 e8 df 43 8d ff 4c 8b 28
0x00007f0a956b66c4:   8b 05 be 72 8a 00 85 c0 75 14 ba 01 00 00 00 48
0x00007f0a956b66d4:   8d 0d ae 72 8a 00 f0 0f b1 11 85 c0 74 4e be c8
0x00007f0a956b66e4:   00 00 00 4c 89 ef e8 01 0b 41 00 48 8d 05 12 ac
0x00007f0a956b66f4:   85 00 49 89 d8 48 8d 0d e8 aa 53 00 ba 49 06 00
0x00007f0a956b6704:   00 48 8d 35 3c 35 58 00 bf 00 00 00 e0 48 8b 00
0x00007f0a956b6714:   c6 00 58 31 c0 e8 e2 91 c6 ff 5b 41 5c 41 5d 41
0x00007f0a956b6724:   5e 5d e9 55 34 26 00 0f 1f 44 00 00 48 8d 05 81
0x00007f0a956b6734:   a3 8b 00 48 89 df 4c 8b 30 e8 9e 43 8d ff 48 89
0x00007f0a956b6744:   de 48 89 c2 49 8b 06 4c 89 f7 ff 50 08 4c 89 f7
0x00007f0a956b6754:   e8 a7 5c 27 00 4d 85 e4 74 12 be 01 00 00 00 4c
0x00007f0a956b6764:   89 e7 e8 35 43 fc ff eb 82 0f 1f 00 be 01 00 00
0x00007f0a956b6774:   00 4c 89 ef e8 d3 fd ff ff e9 6d ff ff ff 66 66
0x00007f0a956b6784:   2e 0f 1f 84 00 00 00 00 00 0f 1f 00 55 48 89 e5
0x00007f0a956b6794:   41 57 41 56 41 55 41 54 53 48 81 ec 08 02 00 00
0x00007f0a956b67a4:   64 48 8b 04 25 28 00 00 00 48 89 45 c8 8b 07 83
0x00007f0a956b67b4:   f8 02 0f 84 11 04 00 00 4c 8b 6f 18 49 89 ff 49
0x00007f0a956b67c4:   89 f4 4d 85 ed 74 14 4c 89 ef e8 5d 57 22 00 41
0x00007f0a956b67d4:   8b 07 83 f8 02 0f 84 19 04 00 00 48 8d 1d 9a 06
0x00007f0a956b67e4:   8a 00 4c 8d 35 0b 3c 58 00 eb 38 90 48 85 d2 7f
0x00007f0a956b67f4:   0d 48 8d 05 b4 c0 85 00 48 83 38 00 7e 0e 41 8b
0x00007f0a956b6804:   77 2c 4c 89 f7 31 c0 e8 a0 b2 f7 ff 49 8b 7f 18 


Stack slot to memory mapping:
stack at sp + 0 slots: 0x00007f0a75018940 is pointing into the stack for thread: 0x00007f0a900b21b0
stack at sp + 1 slots: 0x00007f0a900b21b0 is a thread
stack at sp + 2 slots: 0x00007f0a944d1888 points into unknown readable memory: 0x657300183c7affff | ff ff 7a 3c 18 00 73 65
stack at sp + 3 slots: 0x0000000800c42498 is a pointer to class: 
jdk.vm.ci.services.Services {0x0000000800c42498}
 - instance size:     2
 - klass size:        65
 - access:            public final synchronized 
 - state:             fully_initialized
 - name:              'jdk/vm/ci/services/Services'
 - super:             'java/lang/Object'
 - sub:               
 - arrays:            NULL
 - methods:           Array<T>(0x00007f0a7584bbf8)
 - method ordering:   Array<T>(0x0000000800928960)
 - default_methods:   Array<T>(0x0000000000000000)
 - local interfaces:  Array<T>(0x00000008005ce810)
 - trans. interfaces: Array<T>(0x00000008005ce810)
 - constants:         constant pool [427] {0x00007f0a7584ac68} for 'jdk/vm/ci/services/Services' cache=0x00007f0a7584cec8
 - class loader data:  loader data: 0x00007f0a900283d0 of 'bootstrap'
 - source file:       'Services.java'
 - class annotations:       Array<T>(0x0000000000000000)
 - class type annotations:  Array<T>(0x0000000000000000)
 - field annotations:       Array<T>(0x0000000000000000)
 - field type annotations:  Array<T>(0x0000000000000000)
 - inner classes:     Array<T>(0x00007f0a7584ce98)
 - nest members:     Array<T>(0x00007f0a7584ceb8)
 - permitted subclasses:     Array<T>(0x00000008005ce7a0)
 - java mirror:       a 'java/lang/Class'{0x00000000e01777a8} = 'jdk/vm/ci/services/Services'
 - vtable length      5  (start addr: 0x0000000800c42668)
 - itable length      2 (start addr: 0x0000000800c42690)
 - ---- static fields (3 words):
 - public static final 'IS_BUILDING_NATIVE_IMAGE' 'Z' @128 
 - public static final 'IS_IN_NATIVE_IMAGE' 'Z' @129 
 - private static volatile 'savedProperties' 'Ljava/util/Map;' @112 
 - static final 'JVMCI_ENABLED' 'Z' @130 
 - private static final 'servicesCache' 'Ljava/util/Map;' @116 
 - private static final 'MAX_UNICODE_IN_UTF8_LENGTH' 'I' @120 
 - private static final 'MAX_UTF8_PROPERTY_STRING_LENGTH' 'I' @124 
 - ---- non-static fields (0 words):
 - non-static oop maps: 
stack at sp + 4 slots: 0x00007f0a75018500 is pointing into the stack for thread: 0x00007f0a900b21b0
stack at sp + 5 slots: 0x00007f0a956822fe: <offset 0x000000000093e2fe> in /nix/store/gpxl5qgg8kicmcvivwmybwjlpf7wh20l-graalvm17-ce-22.3.0/lib/server/libjvm.so at 0x00007f0a94d44000
stack at sp + 6 slots: 0x00007f0a750183e0 is pointing into the stack for thread: 0x00007f0a900b21b0
stack at sp + 7 slots: 0x00007f0a75018440 is pointing into the stack for thread: 0x00007f0a900b21b0


---------------  P R O C E S S  ---------------

Threads class SMR info:
_java_thread_list=0x00007f09dc000b70, length=31, elements={
0x00007f0a90026670, 0x00007f0a900a64b0, 0x00007f0a900a78f0, 0x00007f0a900ae020,
0x00007f0a900af3d0, 0x00007f0a900b07c0, 0x00007f0a900b21b0, 0x00007f0a900b36c0,
0x00007f0a900b4b10, 0x00007f0a900e0240, 0x00007f0a90129730, 0x00007f0a9033c460,
0x00007f0a9036ff40, 0x00007f0a90371f20, 0x00007f0a9060f380, 0x00007f0a24017130,
0x00007f0a242a2900, 0x00007f0a2431c980, 0x00007f0a24496390, 0x00007f0a24606ed0,
0x00007f0a902f4eb0, 0x00007f0a903c7980, 0x00007f09fc001130, 0x00007f09fc121bb0,
0x00007f09f839c970, 0x00007f0a2014eb60, 0x00007f0a2014fd00, 0x00007f0a20056660,
0x00007f0a201997b0, 0x00007f0a200f48c0, 0x00007f0a201a09d0
}

Java Threads: ( => current thread )
  0x00007f0a90026670 JavaThread "main" [_thread_blocked, id=35, stack(0x00007f0a94b5f000,0x00007f0a94c5f000)]
  0x00007f0a900a64b0 JavaThread "Reference Handler" daemon [_thread_blocked, id=38, stack(0x00007f0a75700000,0x00007f0a75800000)]
  0x00007f0a900a78f0 JavaThread "Finalizer" daemon [_thread_blocked, id=39, stack(0x00007f0a75600000,0x00007f0a75700000)]
  0x00007f0a900ae020 JavaThread "Signal Dispatcher" daemon [_thread_blocked, id=40, stack(0x00007f0a7521a000,0x00007f0a7531a000)]
  0x00007f0a900af3d0 JavaThread "Service Thread" daemon [_thread_blocked, id=41, stack(0x00007f0a7511a000,0x00007f0a7521a000)]
  0x00007f0a900b07c0 JavaThread "Monitor Deflation Thread" daemon [_thread_blocked, id=42, stack(0x00007f0a7501a000,0x00007f0a7511a000)]
=>0x00007f0a900b21b0 JavaThread "JVMCI-native CompilerThread0" daemon [_thread_in_vm, id=43, stack(0x00007f0a74e1a000,0x00007f0a7501a000)]
  0x00007f0a900b36c0 JavaThread "C1 CompilerThread0" daemon [_thread_blocked, id=44, stack(0x00007f0a74c1a000,0x00007f0a74e1a000)]
  0x00007f0a900b4b10 JavaThread "Sweeper thread" daemon [_thread_blocked, id=45, stack(0x00007f0a74b1a000,0x00007f0a74c1a000)]
  0x00007f0a900e0240 JavaThread "Common-Cleaner" daemon [_thread_blocked, id=46, stack(0x00007f0a74a1a000,0x00007f0a74b1a000)]
  0x00007f0a90129730 JavaThread "Notification Thread" daemon [_thread_blocked, id=51, stack(0x00007f0a7491a000,0x00007f0a74a1a000)]
  0x00007f0a9033c460 JavaThread "Active Thread: Equinox Container: 193458fb-4971-437c-aa3c-54e767f46f87" [_thread_blocked, id=96, stack(0x00007f0a74600000,0x00007f0a74700000)]
  0x00007f0a9036ff40 JavaThread "Framework Event Dispatcher: Equinox Container: 193458fb-4971-437c-aa3c-54e767f46f87" daemon [_thread_blocked, id=98, stack(0x00007f0a74400000,0x00007f0a74500000)]
  0x00007f0a90371f20 JavaThread "Start Level: Equinox Container: 193458fb-4971-437c-aa3c-54e767f46f87" daemon [_thread_blocked, id=99, stack(0x00007f0a74200000,0x00007f0a74300000)]
  0x00007f0a9060f380 JavaThread "Refresh Thread: Equinox Container: 193458fb-4971-437c-aa3c-54e767f46f87" daemon [_thread_blocked, id=100, stack(0x00007f0a74000000,0x00007f0a74100000)]
  0x00007f0a24017130 JavaThread "SCR Component Actor" daemon [_thread_blocked, id=101, stack(0x00007f0a3c900000,0x00007f0a3ca00000)]
  0x00007f0a242a2900 JavaThread "Worker-JM" [_thread_blocked, id=103, stack(0x00007f0a3c500000,0x00007f0a3c600000)]
  0x00007f0a2431c980 JavaThread "Worker-0" [_thread_blocked, id=104, stack(0x00007f0a3c300000,0x00007f0a3c400000)]
  0x00007f0a24496390 JavaThread "Java indexing" daemon [_thread_blocked, id=106, stack(0x00007f0a3bf00000,0x00007f0a3c000000)]
  0x00007f0a24606ed0 JavaThread "Bundle File Closer" daemon [_thread_blocked, id=107, stack(0x00007f0a3bd00000,0x00007f0a3be00000)]
  0x00007f0a902f4eb0 JavaThread "pool-3-thread-1" [_thread_blocked, id=109, stack(0x00007f0a3b900000,0x00007f0a3ba00000)]
  0x00007f0a903c7980 JavaThread "pool-2-thread-1" [_thread_blocked, id=124, stack(0x00007f0a3c700000,0x00007f0a3c800000)]
  0x00007f09fc001130 JavaThread "Worker-3: Java indexing... " [_thread_blocked, id=128, stack(0x00007f0a3b700000,0x00007f0a3b800000)]
  0x00007f09fc121bb0 JavaThread "Worker-5" [_thread_blocked, id=192, stack(0x00007f0a3b100000,0x00007f0a3b200000)]
  0x00007f09f839c970 JavaThread "Okio Watchdog" daemon [_thread_blocked, id=221, stack(0x00007f0a3ae00000,0x00007f0a3af00000)]
  0x00007f0a2014eb60 JavaThread "Thread-30" [_thread_blocked, id=293, stack(0x00007f0a38900000,0x00007f0a38a00000)]
  0x00007f0a2014fd00 JavaThread "Thread-31" [_thread_blocked, id=294, stack(0x00007f0a38800000,0x00007f0a38900000)]
  0x00007f0a20056660 JavaThread "Thread-32" [_thread_blocked, id=319, stack(0x00007f0a39700000,0x00007f0a39800000)]
  0x00007f0a201997b0 JavaThread "Thread-41" [_thread_blocked, id=883, stack(0x00007f0a3bb00000,0x00007f0a3bc00000)]
  0x00007f0a200f48c0 JavaThread "Thread-42" [_thread_blocked, id=1074, stack(0x00007f0a3c100000,0x00007f0a3c200000)]
  0x00007f0a201a09d0 JavaThread "Thread-43" [_thread_blocked, id=1767, stack(0x00007f0a3b500000,0x00007f0a3b600000)]

Other Threads:
  0x00007f0a900a1bf0 VMThread "VM Thread" [stack: 0x00007f0a760e1000,0x00007f0a761e1000] [id=37] _threads_hazard_ptr=0x00007f09dc000b70
  0x00007f0a9012b0d0 WatcherThread [stack: 0x00007f0a7481a000,0x00007f0a7491a000] [id=55]
  0x00007f0a9003df10 GCTaskThread "GC Thread#0" [stack: 0x00007f0a94722000,0x00007f0a94822000] [id=36]

Threads with active compile tasks:
JVMCI-native CompilerThread0   618457 9482 %     4       java.lang.StringUTF16::getChars @ 16 (42 bytes)

VM state: synchronizing (normal execution)

VM Mutex/Monitor currently owned by a thread:  ([mutex/lock_event])
[0x00007f0a90023820] Threads_lock - owner thread: 0x00007f0a900a1bf0
[0x00007f0a90023fd0] Heap_lock - owner thread: 0x00007f0a201997b0

OutOfMemory and StackOverflow Exception counts:
OutOfMemoryError java_heap_errors=4
LinkageErrors=67

Heap address: 0x00000000e0000000, size: 512 MB, Compressed Oops mode: 32-bit

CDS archive(s) mapped at: [0x0000000800000000-0x0000000800bc8000-0x0000000800bc8000), size 12353536, SharedBaseAddress: 0x0000000800000000, ArchiveRelocationMode: 0.
Compressed class space mapped at: 0x0000000800c00000-0x0000000840c00000, reserved size: 1073741824
Narrow klass base: 0x0000000800000000, Narrow klass shift: 0, Narrow klass range: 0x100000000

GC Precious Log:
 CPUs: 8 total, 1 available
 Memory: 1024M
 Large Page Support: Disabled
 NUMA Support: Disabled
 Compressed Oops: Enabled (32-bit)
 Alignments: Space 512K, Generation 512K, Heap 2M
 Heap Min Capacity: 100M
 Heap Initial Capacity: 100M
 Heap Max Capacity: 512M
 Pre-touch: Disabled
 Parallel Workers: 1

Heap:
 PSYoungGen      total 50688K, used 36352K [0x00000000f5580000, 0x00000000f9580000, 0x0000000100000000)
  eden space 36352K, 100% used [0x00000000f5580000,0x00000000f7900000,0x00000000f7900000)
  from space 14336K, 0% used [0x00000000f7900000,0x00000000f7900000,0x00000000f8700000)
  to   space 11264K, 0% used [0x00000000f8a80000,0x00000000f8a80000,0x00000000f9580000)
 ParOldGen       total 349696K, used 349695K [0x00000000e0000000, 0x00000000f5580000, 0x00000000f5580000)
  object space 349696K, 99% used [0x00000000e0000000,0x00000000f557ffe8,0x00000000f5580000)
 Metaspace       used 60191K, committed 61440K, reserved 1105920K
  class space    used 5977K, committed 6464K, reserved 1048576K

Card table byte_map: [0x00007f0a94822000,0x00007f0a94923000] _byte_map_base: 0x00007f0a94122000

Marking Bits: (ParMarkBitMap*) 0x00007f0a95f724c0
 Begin Bits: [0x00007f0a764b3000, 0x00007f0a76cb3000)
 End Bits:   [0x00007f0a76cb3000, 0x00007f0a774b3000)

Polling page: 0x00007f0a94b3c000

Metaspace:

Usage:
  Non-class:     52.94 MB used.
      Class:      5.84 MB used.
       Both:     58.78 MB used.

Virtual space:
  Non-class space:       56.00 MB reserved,      53.69 MB ( 96%) committed,  7 nodes.
      Class space:        1.00 GB reserved,       6.31 MB ( <1%) committed,  1 nodes.
             Both:        1.05 GB reserved,      60.00 MB (  6%) committed. 

Chunk freelists:
   Non-Class:  2.42 MB
       Class:  1.61 MB
        Both:  4.03 MB

MaxMetaspaceSize: unlimited
CompressedClassSpaceSize: 1.00 GB
Initial GC threshold: 21.00 MB
Current GC threshold: 100.00 MB
CDS: on
MetaspaceReclaimPolicy: balanced
 - commit_granule_bytes: 65536.
 - commit_granule_words: 8192.
 - virtual_space_node_default_size: 1048576.
 - enlarge_chunks_in_place: 1.
 - new_chunks_are_fully_committed: 0.
 - uncommit_free_chunks: 1.
 - use_allocation_guard: 0.
 - handle_deallocations: 1.


Internal statistics:

num_allocs_failed_limit: 6.
num_arena_births: 510.
num_arena_deaths: 152.
num_vsnodes_births: 8.
num_vsnodes_deaths: 0.
num_space_committed: 959.
num_space_uncommitted: 0.
num_chunks_returned_to_freelist: 215.
num_chunks_taken_from_freelist: 2888.
num_chunk_merges: 86.
num_chunk_splits: 1882.
num_chunks_enlarged: 1162.
num_purges: 4.
num_inconsistent_stats: 0.

CodeHeap 'non-profiled nmethods': size=120036Kb used=2731Kb max_used=2731Kb free=117304Kb
 bounds [0x00007f0a7ef7a000, 0x00007f0a7f22a000, 0x00007f0a864b3000]
CodeHeap 'profiled nmethods': size=120032Kb used=15867Kb max_used=15867Kb free=104164Kb
 bounds [0x00007f0a77a42000, 0x00007f0a789d2000, 0x00007f0a7ef7a000]
CodeHeap 'non-nmethods': size=5692Kb used=1386Kb max_used=1401Kb free=4306Kb
 bounds [0x00007f0a774b3000, 0x00007f0a77723000, 0x00007f0a77a42000]
 total_blobs=7937 nmethods=7216 adapters=630
 compilation: enabled
              stopped_count=0, restarted_count=0
 full_count=0

JVMCI Events (20 events):
Event: 213.183 Thread 0x00007f0a900b21b0 releasing handles for JVMCI runtime 0: oop handles=58, metadata handles={total=115, live=106, blocks=47}
Event: 213.183 Thread 0x00007f0a900b21b0 detached from JVMCI runtime 0
Event: 480.571 Thread 0x00007f0a900b21b0 attached to JVMCI runtime 0
Event: 480.574 Thread 0x00007f0a900b21b0 created JavaVM[4]@0x00007f09e1f9e340 for JVMCI runtime 0
Event: 480.574 Thread 0x00007f0a900b21b0 initializing JVMCI runtime 0
Event: 480.574 Thread 0x00007f0a900b21b0 done waiting for JavaVM references initialization in JVMCI runtime 0
Event: 510.645 Thread 0x00007f0a900b21b0 initialized JVMCI runtime 0
Event: 519.179 Thread 0x00007f0a900b21b0 compacted oop handles in JVMCI runtime 0 from 47 to 45
Event: 528.672 Thread 0x00007f0a900b21b0 compacted oop handles in JVMCI runtime 0 from 52 to 51
Event: 530.088 Thread 0x00007f0a900b21b0 detaching from JVMCI runtime 0: releasing idle compiler thread (0 other threads still attached)
Event: 530.088 Thread 0x00007f0a900b21b0 shutting down HotSpotJVMCIRuntime for JVMCI runtime 0
Event: 530.088 Thread 0x00007f0a900b21b0 shut down JVMCI runtime 0
Event: 530.090 Thread 0x00007f0a900b21b0 destroyed JavaVM[4]@0x00007f09e1f9e340 for JVMCI runtime 0
Event: 530.090 Thread 0x00007f0a900b21b0 compacted oop handles in JVMCI runtime 0 from 51 to 51
Event: 530.090 Thread 0x00007f0a900b21b0 releasing handles for JVMCI runtime 0: oop handles=51, metadata handles={total=96, live=95, blocks=47}
Event: 530.090 Thread 0x00007f0a900b21b0 detached from JVMCI runtime 0
Event: 576.094 Thread 0x00007f0a900b21b0 attached to JVMCI runtime 0
Event: 576.095 Thread 0x00007f0a900b21b0 created JavaVM[5]@0x00007f09e1f9e340 for JVMCI runtime 0
Event: 577.448 Thread 0x00007f0a900b21b0 initializing JVMCI runtime 0
Event: 577.448 Thread 0x00007f0a900b21b0 done waiting for JavaVM references initialization in JVMCI runtime 0

Compilation events (20 events):
Event: 513.550 Thread 0x00007f0a900b36c0 9478       3       org.eclipse.osgi.internal.log.EquinoxLogWriter::isLoggable (22 bytes)
Event: 514.898 Thread 0x00007f0a900b36c0 nmethod 9478 0x00007f0a78346410 code [0x00007f0a783465c0, 0x00007f0a78346790]
Event: 519.179 Thread 0x00007f0a900b21b0 nmethod 9469 0x00007f0a7f223410 code [0x00007f0a7f2235a0, 0x00007f0a7f223810]
Event: 519.179 Thread 0x00007f0a900b21b0 9473       4       java.lang.AbstractStringBuilder::appendChars (207 bytes)
Event: 521.882 Thread 0x00007f0a900b36c0 9479       3       sun.util.calendar.ZoneInfo::getOffsets (8 bytes)
Event: 524.585 Thread 0x00007f0a900b36c0 nmethod 9479 0x00007f0a78346090 code [0x00007f0a78346240, 0x00007f0a78346380]
Event: 524.585 Thread 0x00007f0a900b36c0 9480       3       sun.util.calendar.CalendarDate::getDayOfWeek (18 bytes)
Event: 527.197 Thread 0x00007f0a900b36c0 nmethod 9480 0x00007f0a78345b10 code [0x00007f0a78345ca0, 0x00007f0a78345ff0]
Event: 528.670 Thread 0x00007f0a900b21b0 nmethod 9473 0x00007f0a7f223e10 code [0x00007f0a7f223fc0, 0x00007f0a7f224500]
Event: 528.670 Thread 0x00007f0a900b21b0 9468       4       org.eclipse.jdt.core.compiler.CharOperation::isWhitespace (23 bytes)
Event: 528.672 Thread 0x00007f0a900b21b0 nmethod 9468 0x00007f0a7f224810 code [0x00007f0a7f224980, 0x00007f0a7f224a20]
Event: 538.363 Thread 0x00007f0a900b36c0 9481       3       org.eclipse.osgi.framework.util.ArrayMap::getValue (11 bytes)
Event: 539.742 Thread 0x00007f0a900b36c0 nmethod 9481 0x00007f0a78345590 code [0x00007f0a78345740, 0x00007f0a78345a60]
Event: 576.094 Thread 0x00007f0a900b21b0 9482 %     4       java.lang.StringUTF16::getChars @ 16 (42 bytes)
Event: 577.448 Thread 0x00007f0a900b36c0 9484       3       java.util.concurrent.locks.LockSupport::setBlocker (12 bytes)
Event: 577.449 Thread 0x00007f0a900b36c0 nmethod 9484 0x00007f0a789c4a90 code [0x00007f0a789c4c40, 0x00007f0a789c4d60]
Event: 605.686 Thread 0x00007f0a900b36c0 9485  s    3       org.eclipse.jdt.internal.core.search.processing.JobManager::currentJob (35 bytes)
Event: 605.687 Thread 0x00007f0a900b36c0 nmethod 9485 0x00007f0a789c4e10 code [0x00007f0a789c4fe0, 0x00007f0a789c5930]
Event: 607.149 Thread 0x00007f0a900b36c0 9486       1       org.eclipse.osgi.internal.framework.EquinoxContainer::getStorage (5 bytes)
Event: 608.365 Thread 0x00007f0a900b36c0 nmethod 9486 0x00007f0a7f224b10 code [0x00007f0a7f224ca0, 0x00007f0a7f224d70]

GC Heap History (20 events):
Event: 604.278 GC heap before
{Heap before GC invocations=465 (full 338):
 PSYoungGen      total 50688K, used 36352K [0x00000000f5580000, 0x00000000f9580000, 0x0000000100000000)
  eden space 36352K, 100% used [0x00000000f5580000,0x00000000f7900000,0x00000000f7900000)
  from space 14336K, 0% used [0x00000000f7900000,0x00000000f7900000,0x00000000f8700000)
  to   space 11264K, 0% used [0x00000000f8a80000,0x00000000f8a80000,0x00000000f9580000)
 ParOldGen       total 349696K, used 349695K [0x00000000e0000000, 0x00000000f5580000, 0x00000000f5580000)
  object space 349696K, 99% used [0x00000000e0000000,0x00000000f557ffb0,0x00000000f5580000)
 Metaspace       used 60191K, committed 61440K, reserved 1105920K
  class space    used 5977K, committed 6464K, reserved 1048576K
}
Event: 605.686 GC heap after
{Heap after GC invocations=465 (full 338):
 PSYoungGen      total 47616K, used 36352K [0x00000000f5580000, 0x00000000f9580000, 0x0000000100000000)
  eden space 36352K, 100% used [0x00000000f5580000,0x00000000f7900000,0x00000000f7900000)
  from space 11264K, 0% used [0x00000000f8a80000,0x00000000f8a80000,0x00000000f9580000)
  to   space 14336K, 0% used [0x00000000f7900000,0x00000000f7900000,0x00000000f8700000)
 ParOldGen       total 349696K, used 349695K [0x00000000e0000000, 0x00000000f5580000, 0x00000000f5580000)
  object space 349696K, 99% used [0x00000000e0000000,0x00000000f557fca8,0x00000000f5580000)
 Metaspace       used 60191K, committed 61440K, reserved 1105920K
  class space    used 5977K, committed 6464K, reserved 1048576K
}
Event: 605.687 GC heap before
{Heap before GC invocations=466 (full 339):
 PSYoungGen      total 47616K, used 36352K [0x00000000f5580000, 0x00000000f9580000, 0x0000000100000000)
  eden space 36352K, 100% used [0x00000000f5580000,0x00000000f7900000,0x00000000f7900000)
  from space 11264K, 0% used [0x00000000f8a80000,0x00000000f8a80000,0x00000000f9580000)
  to   space 14336K, 0% used [0x00000000f7900000,0x00000000f7900000,0x00000000f8700000)
 ParOldGen       total 349696K, used 349695K [0x00000000e0000000, 0x00000000f5580000, 0x00000000f5580000)
  object space 349696K, 99% used [0x00000000e0000000,0x00000000f557fff0,0x00000000f5580000)
 Metaspace       used 60191K, committed 61440K, reserved 1105920K
  class space    used 5977K, committed 6464K, reserved 1048576K
}
Event: 607.148 GC heap after
{Heap after GC invocations=466 (full 339):
 PSYoungGen      total 50688K, used 36352K [0x00000000f5580000, 0x00000000f9580000, 0x0000000100000000)
  eden space 36352K, 100% used [0x00000000f5580000,0x00000000f7900000,0x00000000f7900000)
  from space 14336K, 0% used [0x00000000f7900000,0x00000000f7900000,0x00000000f8700000)
  to   space 11264K, 0% used [0x00000000f8a80000,0x00000000f8a80000,0x00000000f9580000)
 ParOldGen       total 349696K, used 349694K [0x00000000e0000000, 0x00000000f5580000, 0x00000000f5580000)
  object space 349696K, 99% used [0x00000000e0000000,0x00000000f557fbe0,0x00000000f5580000)
 Metaspace       used 60191K, committed 61440K, reserved 1105920K
  class space    used 5977K, committed 6464K, reserved 1048576K
}
Event: 607.149 GC heap before
{Heap before GC invocations=467 (full 340):
 PSYoungGen      total 50688K, used 36352K [0x00000000f5580000, 0x00000000f9580000, 0x0000000100000000)
  eden space 36352K, 100% used [0x00000000f5580000,0x00000000f7900000,0x00000000f7900000)
  from space 14336K, 0% used [0x00000000f7900000,0x00000000f7900000,0x00000000f8700000)
  to   space 11264K, 0% used [0x00000000f8a80000,0x00000000f8a80000,0x00000000f9580000)
 ParOldGen       total 349696K, used 349695K [0x00000000e0000000, 0x00000000f5580000, 0x00000000f5580000)
  object space 349696K, 99% used [0x00000000e0000000,0x00000000f557fe98,0x00000000f5580000)
 Metaspace       used 60191K, committed 61440K, reserved 1105920K
  class space    used 5977K, committed 6464K, reserved 1048576K
}
Event: 608.365 GC heap after
{Heap after GC invocations=467 (full 340):
 PSYoungGen      total 47616K, used 36352K [0x00000000f5580000, 0x00000000f9580000, 0x0000000100000000)
  eden space 36352K, 100% used [0x00000000f5580000,0x00000000f7900000,0x00000000f7900000)
  from space 11264K, 0% used [0x00000000f8a80000,0x00000000f8a80000,0x00000000f9580000)
  to   space 14336K, 0% used [0x00000000f7900000,0x00000000f7900000,0x00000000f8700000)
 ParOldGen       total 349696K, used 349695K [0x00000000e0000000, 0x00000000f5580000, 0x00000000f5580000)
  object space 349696K, 99% used [0x00000000e0000000,0x00000000f557fe78,0x00000000f5580000)
 Metaspace       used 60191K, committed 61440K, reserved 1105920K
  class space    used 5977K, committed 6464K, reserved 1048576K
}
Event: 608.365 GC heap before
{Heap before GC invocations=468 (full 341):
 PSYoungGen      total 47616K, used 36352K [0x00000000f5580000, 0x00000000f9580000, 0x0000000100000000)
  eden space 36352K, 100% used [0x00000000f5580000,0x00000000f7900000,0x00000000f7900000)
  from space 11264K, 0% used [0x00000000f8a80000,0x00000000f8a80000,0x00000000f9580000)
  to   space 14336K, 0% used [0x00000000f7900000,0x00000000f7900000,0x00000000f8700000)
 ParOldGen       total 349696K, used 349695K [0x00000000e0000000, 0x00000000f5580000, 0x00000000f5580000)
  object space 349696K, 99% used [0x00000000e0000000,0x00000000f557fff0,0x00000000f5580000)
 Metaspace       used 60191K, committed 61440K, reserved 1105920K
  class space    used 5977K, committed 6464K, reserved 1048576K
}
Event: 609.757 GC heap after
{Heap after GC invocations=468 (full 341):
 PSYoungGen      total 50688K, used 36352K [0x00000000f5580000, 0x00000000f9580000, 0x0000000100000000)
  eden space 36352K, 100% used [0x00000000f5580000,0x00000000f7900000,0x00000000f7900000)
  from space 14336K, 0% used [0x00000000f7900000,0x00000000f7900000,0x00000000f8700000)
  to   space 11264K, 0% used [0x00000000f8a80000,0x00000000f8a80000,0x00000000f9580000)
 ParOldGen       total 349696K, used 349695K [0x00000000e0000000, 0x00000000f5580000, 0x00000000f5580000)
  object space 349696K, 99% used [0x00000000e0000000,0x00000000f557fff0,0x00000000f5580000)
 Metaspace       used 60191K, committed 61440K, reserved 1105920K
  class space    used 5977K, committed 6464K, reserved 1048576K
}
Event: 609.757 GC heap before
{Heap before GC invocations=469 (full 342):
 PSYoungGen      total 50688K, used 36352K [0x00000000f5580000, 0x00000000f9580000, 0x0000000100000000)
  eden space 36352K, 100% used [0x00000000f5580000,0x00000000f7900000,0x00000000f7900000)
  from space 14336K, 0% used [0x00000000f7900000,0x00000000f7900000,0x00000000f8700000)
  to   space 11264K, 0% used [0x00000000f8a80000,0x00000000f8a80000,0x00000000f9580000)
 ParOldGen       total 349696K, used 349695K [0x00000000e0000000, 0x00000000f5580000, 0x00000000f5580000)
  object space 349696K, 99% used [0x00000000e0000000,0x00000000f557fff0,0x00000000f5580000)
 Metaspace       used 60191K, committed 61440K, reserved 1105920K
  class space    used 5977K, committed 6464K, reserved 1048576K
}
Event: 611.069 GC heap after
{Heap after GC invocations=469 (full 342):
 PSYoungGen      total 47616K, used 36352K [0x00000000f5580000, 0x00000000f9580000, 0x0000000100000000)
  eden space 36352K, 100% used [0x00000000f5580000,0x00000000f7900000,0x00000000f7900000)
  from space 11264K, 0% used [0x00000000f8a80000,0x00000000f8a80000,0x00000000f9580000)
  to   space 14336K, 0% used [0x00000000f7900000,0x00000000f7900000,0x00000000f8700000)
 ParOldGen       total 349696K, used 349695K [0x00000000e0000000, 0x00000000f5580000, 0x00000000f5580000)
  object space 349696K, 99% used [0x00000000e0000000,0x00000000f557fff0,0x00000000f5580000)
 Metaspace       used 60191K, committed 61440K, reserved 1105920K
  class space    used 5977K, committed 6464K, reserved 1048576K
}
Event: 611.070 GC heap before
{Heap before GC invocations=470 (full 343):
 PSYoungGen      total 47616K, used 36352K [0x00000000f5580000, 0x00000000f9580000, 0x0000000100000000)
  eden space 36352K, 100% used [0x00000000f5580000,0x00000000f7900000,0x00000000f7900000)
  from space 11264K, 0% used [0x00000000f8a80000,0x00000000f8a80000,0x00000000f9580000)
  to   space 14336K, 0% used [0x00000000f7900000,0x00000000f7900000,0x00000000f8700000)
 ParOldGen       total 349696K, used 349695K [0x00000000e0000000, 0x00000000f5580000, 0x00000000f5580000)
  object space 349696K, 99% used [0x00000000e0000000,0x00000000f557fff0,0x00000000f5580000)
 Metaspace       used 60191K, committed 61440K, reserved 1105920K
  class space    used 5977K, committed 6464K, reserved 1048576K
}
Event: 612.491 GC heap after
{Heap after GC invocations=470 (full 343):
 PSYoungGen      total 50688K, used 36352K [0x00000000f5580000, 0x00000000f9580000, 0x0000000100000000)
  eden space 36352K, 100% used [0x00000000f5580000,0x00000000f7900000,0x00000000f7900000)
  from space 14336K, 0% used [0x00000000f7900000,0x00000000f7900000,0x00000000f8700000)
  to   space 11264K, 0% used [0x00000000f8a80000,0x00000000f8a80000,0x00000000f9580000)
 ParOldGen       total 349696K, used 349695K [0x00000000e0000000, 0x00000000f5580000, 0x00000000f5580000)
  object space 349696K, 99% used [0x00000000e0000000,0x00000000f557fff0,0x00000000f5580000)
 Metaspace       used 60191K, committed 61440K, reserved 1105920K
  class space    used 5977K, committed 6464K, reserved 1048576K
}
Event: 612.491 GC heap before
{Heap before GC invocations=471 (full 344):
 PSYoungGen      total 50688K, used 36352K [0x00000000f5580000, 0x00000000f9580000, 0x0000000100000000)
  eden space 36352K, 100% used [0x00000000f5580000,0x00000000f7900000,0x00000000f7900000)
  from space 14336K, 0% used [0x00000000f7900000,0x00000000f7900000,0x00000000f8700000)
  to   space 11264K, 0% used [0x00000000f8a80000,0x00000000f8a80000,0x00000000f9580000)
 ParOldGen       total 349696K, used 349695K [0x00000000e0000000, 0x00000000f5580000, 0x00000000f5580000)
  object space 349696K, 99% used [0x00000000e0000000,0x00000000f557fff0,0x00000000f5580000)
 Metaspace       used 60191K, committed 61440K, reserved 1105920K
  class space    used 5977K, committed 6464K, reserved 1048576K
}
Event: 613.865 GC heap after
{Heap after GC invocations=471 (full 344):
 PSYoungGen      total 47616K, used 36352K [0x00000000f5580000, 0x00000000f9580000, 0x0000000100000000)
  eden space 36352K, 100% used [0x00000000f5580000,0x00000000f7900000,0x00000000f7900000)
  from space 11264K, 0% used [0x00000000f8a80000,0x00000000f8a80000,0x00000000f9580000)
  to   space 14336K, 0% used [0x00000000f7900000,0x00000000f7900000,0x00000000f8700000)
 ParOldGen       total 349696K, used 349695K [0x00000000e0000000, 0x00000000f5580000, 0x00000000f5580000)
  object space 349696K, 99% used [0x00000000e0000000,0x00000000f557fff0,0x00000000f5580000)
 Metaspace       used 60191K, committed 61440K, reserved 1105920K
  class space    used 5977K, committed 6464K, reserved 1048576K
}
Event: 613.866 GC heap before
{Heap before GC invocations=472 (full 345):
 PSYoungGen      total 47616K, used 36352K [0x00000000f5580000, 0x00000000f9580000, 0x0000000100000000)
  eden space 36352K, 100% used [0x00000000f5580000,0x00000000f7900000,0x00000000f7900000)
  from space 11264K, 0% used [0x00000000f8a80000,0x00000000f8a80000,0x00000000f9580000)
  to   space 14336K, 0% used [0x00000000f7900000,0x00000000f7900000,0x00000000f8700000)
 ParOldGen       total 349696K, used 349695K [0x00000000e0000000, 0x00000000f5580000, 0x00000000f5580000)
  object space 349696K, 99% used [0x00000000e0000000,0x00000000f557fff0,0x00000000f5580000)
 Metaspace       used 60191K, committed 61440K, reserved 1105920K
  class space    used 5977K, committed 6464K, reserved 1048576K
}
Event: 615.268 GC heap after
{Heap after GC invocations=472 (full 345):
 PSYoungGen      total 50688K, used 36352K [0x00000000f5580000, 0x00000000f9580000, 0x0000000100000000)
  eden space 36352K, 100% used [0x00000000f5580000,0x00000000f7900000,0x00000000f7900000)
  from space 14336K, 0% used [0x00000000f7900000,0x00000000f7900000,0x00000000f8700000)
  to   space 11264K, 0% used [0x00000000f8a80000,0x00000000f8a80000,0x00000000f9580000)
 ParOldGen       total 349696K, used 349695K [0x00000000e0000000, 0x00000000f5580000, 0x00000000f5580000)
  object space 349696K, 99% used [0x00000000e0000000,0x00000000f557fd20,0x00000000f5580000)
 Metaspace       used 60191K, committed 61440K, reserved 1105920K
  class space    used 5977K, committed 6464K, reserved 1048576K
}
Event: 615.269 GC heap before
{Heap before GC invocations=473 (full 346):
 PSYoungGen      total 50688K, used 36352K [0x00000000f5580000, 0x00000000f9580000, 0x0000000100000000)
  eden space 36352K, 100% used [0x00000000f5580000,0x00000000f7900000,0x00000000f7900000)
  from space 14336K, 0% used [0x00000000f7900000,0x00000000f7900000,0x00000000f8700000)
  to   space 11264K, 0% used [0x00000000f8a80000,0x00000000f8a80000,0x00000000f9580000)
 ParOldGen       total 349696K, used 349695K [0x00000000e0000000, 0x00000000f5580000, 0x00000000f5580000)
  object space 349696K, 99% used [0x00000000e0000000,0x00000000f557fd38,0x00000000f5580000)
 Metaspace       used 60191K, committed 61440K, reserved 1105920K
  class space    used 5977K, committed 6464K, reserved 1048576K
}
Event: 616.788 GC heap after
{Heap after GC invocations=473 (full 346):
 PSYoungGen      total 47616K, used 36352K [0x00000000f5580000, 0x00000000f9580000, 0x0000000100000000)
  eden space 36352K, 100% used [0x00000000f5580000,0x00000000f7900000,0x00000000f7900000)
  from space 11264K, 0% used [0x00000000f8a80000,0x00000000f8a80000,0x00000000f9580000)
  to   space 14336K, 0% used [0x00000000f7900000,0x00000000f7900000,0x00000000f8700000)
 ParOldGen       total 349696K, used 349695K [0x00000000e0000000, 0x00000000f5580000, 0x00000000f5580000)
  object space 349696K, 99% used [0x00000000e0000000,0x00000000f557fd38,0x00000000f5580000)
 Metaspace       used 60191K, committed 61440K, reserved 1105920K
  class space    used 5977K, committed 6464K, reserved 1048576K
}
Event: 616.788 GC heap before
{Heap before GC invocations=474 (full 347):
 PSYoungGen      total 47616K, used 36352K [0x00000000f5580000, 0x00000000f9580000, 0x0000000100000000)
  eden space 36352K, 100% used [0x00000000f5580000,0x00000000f7900000,0x00000000f7900000)
  from space 11264K, 0% used [0x00000000f8a80000,0x00000000f8a80000,0x00000000f9580000)
  to   space 14336K, 0% used [0x00000000f7900000,0x00000000f7900000,0x00000000f8700000)
 ParOldGen       total 349696K, used 349695K [0x00000000e0000000, 0x00000000f5580000, 0x00000000f5580000)
  object space 349696K, 99% used [0x00000000e0000000,0x00000000f557fd38,0x00000000f5580000)
 Metaspace       used 60191K, committed 61440K, reserved 1105920K
  class space    used 5977K, committed 6464K, reserved 1048576K
}
Event: 618.363 GC heap after
{Heap after GC invocations=474 (full 347):
 PSYoungGen      total 50688K, used 36352K [0x00000000f5580000, 0x00000000f9580000, 0x0000000100000000)
  eden space 36352K, 100% used [0x00000000f5580000,0x00000000f7900000,0x00000000f7900000)
  from space 14336K, 0% used [0x00000000f7900000,0x00000000f7900000,0x00000000f8700000)
  to   space 11264K, 0% used [0x00000000f8a80000,0x00000000f8a80000,0x00000000f9580000)
 ParOldGen       total 349696K, used 349695K [0x00000000e0000000, 0x00000000f5580000, 0x00000000f5580000)
  object space 349696K, 99% used [0x00000000e0000000,0x00000000f557fd38,0x00000000f5580000)
 Metaspace       used 60191K, committed 61440K, reserved 1105920K
  class space    used 5977K, committed 6464K, reserved 1048576K
}

Dll operation events (9 events):
Event: 0.002 Loaded shared library /nix/store/gpxl5qgg8kicmcvivwmybwjlpf7wh20l-graalvm17-ce-22.3.0/lib/libjava.so
Event: 0.008 Loaded shared library /nix/store/gpxl5qgg8kicmcvivwmybwjlpf7wh20l-graalvm17-ce-22.3.0/lib/libjsvml.so
Event: 0.186 Loaded shared library /nix/store/gpxl5qgg8kicmcvivwmybwjlpf7wh20l-graalvm17-ce-22.3.0/lib/libnio.so
Event: 0.246 Loaded shared library /nix/store/gpxl5qgg8kicmcvivwmybwjlpf7wh20l-graalvm17-ce-22.3.0/lib/libzip.so
Event: 0.248 Loaded shared library /nix/store/gpxl5qgg8kicmcvivwmybwjlpf7wh20l-graalvm17-ce-22.3.0/lib/libjvmcicompiler.so
Event: 0.660 Loaded shared library /nix/store/gpxl5qgg8kicmcvivwmybwjlpf7wh20l-graalvm17-ce-22.3.0/lib/libjimage.so
Event: 1.255 Loaded shared library /nix/store/gpxl5qgg8kicmcvivwmybwjlpf7wh20l-graalvm17-ce-22.3.0/lib/libnet.so
Event: 6.451 Loaded shared library /home/runner/.cache/jdt-language-server/config/org.eclipse.equinox.launcher/org.eclipse.equinox.launcher.gtk.linux.x86_64_1.2.400.v20211117-0650/eclipse_11600.so
Event: 18.849 Loaded shared library /nix/store/gpxl5qgg8kicmcvivwmybwjlpf7wh20l-graalvm17-ce-22.3.0/lib/libextnet.so

Deoptimization events (20 events):
Event: 79.970 Thread 0x00007f0a24496390 DEOPT PACKING pc=0x00007f0a783c8e75 sp=0x00007f0a3bffe530
Event: 79.970 Thread 0x00007f0a24496390 DEOPT UNPACKING pc=0x00007f0a77505325 sp=0x00007f0a3bffda20 mode 0
Event: 79.974 Thread 0x00007f0a24496390 DEOPT PACKING pc=0x00007f0a783c8e75 sp=0x00007f0a3bffe530
Event: 79.974 Thread 0x00007f0a24496390 DEOPT UNPACKING pc=0x00007f0a77505325 sp=0x00007f0a3bffda20 mode 0
Event: 79.991 Thread 0x00007f0a24496390 DEOPT PACKING pc=0x00007f0a783c8e75 sp=0x00007f0a3bffe530
Event: 79.991 Thread 0x00007f0a24496390 DEOPT UNPACKING pc=0x00007f0a77505325 sp=0x00007f0a3bffda20 mode 0
Event: 80.049 Thread 0x00007f0a24496390 DEOPT PACKING pc=0x00007f0a783c8e75 sp=0x00007f0a3bffe530
Event: 80.049 Thread 0x00007f0a24496390 DEOPT UNPACKING pc=0x00007f0a77505325 sp=0x00007f0a3bffda20 mode 0
Event: 80.053 Thread 0x00007f0a24496390 DEOPT PACKING pc=0x00007f0a783c8e75 sp=0x00007f0a3bffe530
Event: 80.053 Thread 0x00007f0a24496390 DEOPT UNPACKING pc=0x00007f0a77505325 sp=0x00007f0a3bffda20 mode 0
Event: 80.058 Thread 0x00007f0a24496390 DEOPT PACKING pc=0x00007f0a783c8e75 sp=0x00007f0a3bffe530
Event: 80.058 Thread 0x00007f0a24496390 DEOPT UNPACKING pc=0x00007f0a77505325 sp=0x00007f0a3bffda20 mode 0
Event: 98.007 Thread 0x00007f0a900b21b0 Uncommon trap: trap_request=0xffffffcd fr.pc=0x00007f0a7f188686 relative=0x00000000000004c6
Event: 98.007 Thread 0x00007f0a900b21b0 Uncommon trap: reason=intrinsic_or_type_checked_inlining action=reinterpret pc=0x00007f0a7f188686 method=java.io.DataOutputStream.writeInt(I)V @ 0 jvmci
Event: 98.007 Thread 0x00007f0a900b21b0 DEOPT PACKING pc=0x00007f0a7f188686 sp=0x00007f0a75018000
Event: 98.007 Thread 0x00007f0a900b21b0 DEOPT UNPACKING pc=0x00007f0a77505325 sp=0x00007f0a750174d8 mode 3
Event: 613.865 Thread 0x00007f0a903c7980 Uncommon trap: trap_request=0xffffff8f fr.pc=0x00007f0a7f1745c8 relative=0x0000000000000968
Event: 613.865 Thread 0x00007f0a903c7980 Uncommon trap: reason=constraint action=none pc=0x00007f0a7f1745c8 method=java.util.HashMap.putVal(ILjava/lang/Object;Ljava/lang/Object;ZZ)Ljava/lang/Object; @ 29 jvmci
Event: 613.865 Thread 0x00007f0a903c7980 DEOPT PACKING pc=0x00007f0a7f1745c8 sp=0x00007f0a3c7fd030
Event: 613.866 Thread 0x00007f0a903c7980 DEOPT UNPACKING pc=0x00007f0a77505325 sp=0x00007f0a3c7fc4d0 mode 3

Classes unloaded (20 events):
Event: 91.355 Thread 0x00007f0a900a1bf0 Unloading class 0x0000000800f0c000 'jdk/internal/reflect/GeneratedConstructorAccessor10'
Event: 91.355 Thread 0x00007f0a900a1bf0 Unloading class 0x0000000800d99000 'java/lang/invoke/LambdaForm$MH+0x0000000800d99000'
Event: 91.355 Thread 0x00007f0a900a1bf0 Unloading class 0x0000000800d98c00 'java/lang/invoke/LambdaForm$MH+0x0000000800d98c00'
Event: 91.355 Thread 0x00007f0a900a1bf0 Unloading class 0x0000000800d98800 'java/lang/invoke/LambdaForm$MH+0x0000000800d98800'
Event: 91.355 Thread 0x00007f0a900a1bf0 Unloading class 0x0000000800d98400 'java/lang/invoke/LambdaForm$MH+0x0000000800d98400'
Event: 91.355 Thread 0x00007f0a900a1bf0 Unloading class 0x0000000800d98000 'jdk/internal/reflect/GeneratedConstructorAccessor3'
Event: 91.355 Thread 0x00007f0a900a1bf0 Unloading class 0x0000000800d06800 'java/lang/invoke/LambdaForm$MH+0x0000000800d06800'
Event: 91.355 Thread 0x00007f0a900a1bf0 Unloading class 0x0000000800d06000 'java/lang/invoke/LambdaForm$MH+0x0000000800d06000'
Event: 91.355 Thread 0x00007f0a900a1bf0 Unloading class 0x0000000800d05c00 'java/lang/invoke/LambdaForm$MH+0x0000000800d05c00'
Event: 91.355 Thread 0x00007f0a900a1bf0 Unloading class 0x0000000800d05800 'java/lang/invoke/LambdaForm$MH+0x0000000800d05800'
Event: 91.355 Thread 0x00007f0a900a1bf0 Unloading class 0x0000000800d05000 'java/lang/invoke/LambdaForm$MH+0x0000000800d05000'
Event: 91.355 Thread 0x00007f0a900a1bf0 Unloading class 0x0000000800d04c00 'java/lang/invoke/LambdaForm$MH+0x0000000800d04c00'
Event: 91.355 Thread 0x00007f0a900a1bf0 Unloading class 0x0000000800d04800 'java/lang/invoke/LambdaForm$MH+0x0000000800d04800'
Event: 91.355 Thread 0x00007f0a900a1bf0 Unloading class 0x0000000800d04000 'java/lang/invoke/LambdaForm$MH+0x0000000800d04000'
Event: 91.355 Thread 0x00007f0a900a1bf0 Unloading class 0x0000000800c1d000 'jdk/internal/reflect/GeneratedMethodAccessor5'
Event: 91.355 Thread 0x00007f0a900a1bf0 Unloading class 0x0000000800c1cc00 'jdk/internal/reflect/GeneratedMethodAccessor4'
Event: 91.355 Thread 0x00007f0a900a1bf0 Unloading class 0x0000000800c1c800 'jdk/internal/reflect/GeneratedMethodAccessor3'
Event: 91.355 Thread 0x00007f0a900a1bf0 Unloading class 0x0000000800c1c400 'jdk/internal/reflect/GeneratedMethodAccessor2'
Event: 91.355 Thread 0x00007f0a900a1bf0 Unloading class 0x0000000800c1c000 'jdk/internal/reflect/GeneratedMethodAccessor1'
Event: 91.355 Thread 0x00007f0a900a1bf0 Unloading class 0x0000000800c01c00 'java/lang/invoke/LambdaForm$DMH+0x0000000800c01c00'

Classes redefined (0 events):
No events

Internal exceptions (20 events):
Event: 45.566 Thread 0x00007f0a2431c980 Exception <a 'java/lang/NoSuchMethodError'{0x00000000f5628ea8}: 'java.lang.Object java.lang.invoke.Invokers$Holder.linkToTargetMethod(java.lang.Object, java.lang.Object, long, java.lang.Object)'> (0x00000000f5628ea8) 
thrown [src/hotspot/share/interpreter/linkResolver.cpp, line 758]
Event: 45.569 Thread 0x00007f0a2431c980 Exception <a 'java/io/FileNotFoundException'{0x00000000f56f1a50}> (0x00000000f56f1a50) 
thrown [src/hotspot/share/prims/jni.cpp, line 516]
Event: 45.650 Thread 0x00007f0a2431c980 Exception <a 'java/lang/NoSuchMethodError'{0x00000000f5982618}: 'java.lang.Object java.lang.invoke.DirectMethodHandle$Holder.newInvokeSpecial(java.lang.Object, java.lang.Object, int, java.lang.Object, java.lang.Object)'> (0x00000000f5982618) 
thrown [src/hotspot/share/interpreter/linkResolver.cpp, line 758]
Event: 45.650 Thread 0x00007f0a2431c980 Exception <a 'java/lang/NoSuchMethodError'{0x00000000f5b4d8b0}: 'java.lang.Object java.lang.invoke.DirectMethodHandle$Holder.invokeSpecial(java.lang.Object, java.lang.Object, java.lang.Object, int, java.lang.Object, java.lang.Object)'> (0x00000000f5b4d8b0) 
thrown [src/hotspot/share/interpreter/linkResolver.cpp, line 758]
Event: 45.844 Thread 0x00007f0a2431c980 Implicit null exception at 0x00007f0a7f144730 to 0x00007f0a7f144986
Event: 45.992 Thread 0x00007f0a2431c980 Exception <a 'java/lang/NoSuchMethodError'{0x00000000f5674448}: 'java.lang.Object java.lang.invoke.DirectMethodHandle$Holder.newInvokeSpecial(java.lang.Object, java.lang.Object, java.lang.Object, int, java.lang.Object)'> (0x00000000f5674448) 
thrown [src/hotspot/share/interpreter/linkResolver.cpp, line 758]
Event: 45.993 Thread 0x00007f0a2431c980 Exception <a 'java/lang/NoSuchMethodError'{0x00000000f56789d0}: 'java.lang.Object java.lang.invoke.DirectMethodHandle$Holder.invokeSpecial(java.lang.Object, java.lang.Object, java.lang.Object, java.lang.Object, int, java.lang.Object)'> (0x00000000f56789d0) 
thrown [src/hotspot/share/interpreter/linkResolver.cpp, line 758]
Event: 45.993 Thread 0x00007f0a2431c980 Exception <a 'java/lang/NoSuchMethodError'{0x00000000f567c4b8}: 'java.lang.Object java.lang.invoke.Invokers$Holder.linkToTargetMethod(java.lang.Object, java.lang.Object, int, java.lang.Object, java.lang.Object)'> (0x00000000f567c4b8) 
thrown [src/hotspot/share/interpreter/linkResolver.cpp, line 758]
Event: 50.858 Thread 0x00007f0a200ad310 Implicit null exception at 0x00007f0a7f17a2a2 to 0x00007f0a7f17a632
Event: 56.387 Thread 0x00007f0a18007460 Implicit null exception at 0x00007f0a7f0c2769 to 0x00007f0a7f0c291b
Event: 60.166 Thread 0x00007f0a201a7310 Exception <a 'java/lang/NoSuchMethodError'{0x00000000f6f15990}: 'java.lang.Object java.lang.invoke.DirectMethodHandle$Holder.invokeStatic(java.lang.Object, int, java.lang.Object, java.lang.Object, java.lang.Object, java.lang.Object)'> (0x00000000f6f15990) 
thrown [src/hotspot/share/interpreter/linkResolver.cpp, line 758]
Event: 60.167 Thread 0x00007f0a200ac130 Exception <a 'java/lang/NoSuchMethodError'{0x00000000f6f30f50}: 'java.lang.Object java.lang.invoke.DirectMethodHandle$Holder.invokeStatic(java.lang.Object, int, java.lang.Object, java.lang.Object, java.lang.Object, java.lang.Object)'> (0x00000000f6f30f50) 
thrown [src/hotspot/share/interpreter/linkResolver.cpp, line 758]
Event: 60.168 Thread 0x00007f0a200ac130 Exception <a 'java/lang/NoSuchMethodError'{0x00000000f6f391e0}: 'java.lang.Object java.lang.invoke.DirectMethodHandle$Holder.newInvokeSpecial(java.lang.Object, int, java.lang.Object, java.lang.Object, java.lang.Object)'> (0x00000000f6f391e0) 
thrown [src/hotspot/share/interpreter/linkResolver.cpp, line 758]
Event: 60.856 Thread 0x00007f0a200ac130 Exception <a 'java/lang/NoSuchMethodError'{0x00000000f78c5378}: 'void java.lang.invoke.DirectMethodHandle$Holder.invokeSpecial(java.lang.Object, java.lang.Object, int)'> (0x00000000f78c5378) 
thrown [src/hotspot/share/interpreter/linkResolver.cpp, line 758]
Event: 61.861 Thread 0x00007f0a201a7310 Exception <a 'java/lang/NoSuchMethodError'{0x00000000f7c93390}: 'int java.lang.invoke.DirectMethodHandle$Holder.invokeSpecialIFC(java.lang.Object, java.lang.Object, java.lang.Object, java.lang.Object)'> (0x00000000f7c93390) 
thrown [src/hotspot/share/interpreter/linkResolver.cpp, line 758]
Event: 601.265 Thread 0x00007f0a201997b0 Exception <a 'java/lang/OutOfMemoryError'{0x00000000e0008940}> (0x00000000e0008940) 
thrown [src/hotspot/share/gc/shared/memAllocator.cpp, line 136]
Event: 611.069 Thread 0x00007f0a903c7980 Exception <a 'java/lang/OutOfMemoryError'{0x00000000e0008ee0}> (0x00000000e0008ee0) 
thrown [src/hotspot/share/gc/shared/memAllocator.cpp, line 138]
Event: 613.865 Thread 0x00007f0a903c7980 Implicit null exception at 0x00007f0a7f174319 to 0x00007f0a7f1745ad
Event: 613.866 Thread 0x00007f0a200f48c0 Exception <a 'java/lang/OutOfMemoryError'{0x00000000e0009200}> (0x00000000e0009200) 
thrown [src/hotspot/share/gc/shared/memAllocator.cpp, line 136]
Event: 618.363 Thread 0x00007f0a900b21b0 Exception <a 'java/lang/OutOfMemoryError'{0x00000000e0008f30}> (0x00000000e0008f30) 
thrown [src/hotspot/share/gc/shared/memAllocator.cpp, line 136]

VM Operations (20 events):
Event: 598.189 Executing VM operation: ParallelGCFailedAllocation
Event: 601.265 Executing VM operation: ParallelGCFailedAllocation done
Event: 601.265 Executing VM operation: ParallelGCFailedAllocation
Event: 602.894 Executing VM operation: ParallelGCFailedAllocation done
Event: 602.894 Executing VM operation: ParallelGCFailedAllocation
Event: 604.275 Executing VM operation: ParallelGCFailedAllocation done
Event: 604.278 Executing VM operation: ParallelGCFailedAllocation
Event: 605.686 Executing VM operation: ParallelGCFailedAllocation done
Event: 605.687 Executing VM operation: ParallelGCFailedAllocation
Event: 607.149 Executing VM operation: ParallelGCFailedAllocation done
Event: 607.149 Executing VM operation: ParallelGCFailedAllocation
Event: 608.365 Executing VM operation: ParallelGCFailedAllocation done
Event: 608.365 Executing VM operation: ParallelGCFailedAllocation
Event: 611.069 Executing VM operation: ParallelGCFailedAllocation done
Event: 611.069 Executing VM operation: ParallelGCFailedAllocation
Event: 613.865 Executing VM operation: ParallelGCFailedAllocation done
Event: 613.866 Executing VM operation: ParallelGCFailedAllocation
Event: 615.268 Executing VM operation: ParallelGCFailedAllocation done
Event: 615.269 Executing VM operation: ParallelGCFailedAllocation
Event: 618.363 Executing VM operation: ParallelGCFailedAllocation done

Events (20 events):
Event: 75.549 Thread 0x00007f0a201a72f0 Thread added: 0x00007f0a201a72f0
Event: 75.549 Thread 0x00007f0a200f48c0 Thread exited: 0x00007f0a200f48c0
Event: 75.549 Protecting memory [0x00007f0a3a900000,0x00007f0a3a904000] with protection modes 0
Event: 75.553 Thread 0x00007f0a201997b0 Thread exited: 0x00007f0a201997b0
Event: 75.642 Thread 0x00007f0a201a09d0 Thread exited: 0x00007f0a201a09d0
Event: 75.708 Thread 0x00007f0a201a72f0 Thread exited: 0x00007f0a201a72f0
Event: 98.004 Thread 0x00007f09ec0143f0 Thread exited: 0x00007f09ec0143f0
Event: 139.939 Thread 0x00007f09fc0c23e0 Thread exited: 0x00007f09fc0c23e0
Event: 156.246 Thread 0x00007f09f4000ff0 Thread exited: 0x00007f09f4000ff0
Event: 172.977 Thread 0x00007f0a180010d0 Thread exited: 0x00007f0a180010d0
Event: 172.977 Thread 0x00007f0a18007460 Thread exited: 0x00007f0a18007460
Event: 219.875 Thread 0x00007f0a201997b0 Thread added: 0x00007f0a201997b0
Event: 219.875 Protecting memory [0x00007f0a3bb00000,0x00007f0a3bb04000] with protection modes 0
Event: 268.789 Thread 0x00007f0a200f48c0 Thread added: 0x00007f0a200f48c0
Event: 268.789 Protecting memory [0x00007f0a3c100000,0x00007f0a3c104000] with protection modes 0
Event: 422.046 Thread 0x00007f0a201a09d0 Thread added: 0x00007f0a201a09d0
Event: 422.046 Protecting memory [0x00007f0a3b500000,0x00007f0a3b504000] with protection modes 0
Event: 486.185 Thread 0x00007f09ec013590 Thread exited: 0x00007f09ec013590
Event: 510.644 Thread 0x00007f09f8396f80 Thread exited: 0x00007f09f8396f80
Event: 570.569 Thread 0x00007f09f8397500 Thread exited: 0x00007f09f8397500


Dynamic libraries:
e0000000-f5580000 rw-p 00000000 00:00 0 
f5580000-f9580000 rw-p 00000000 00:00 0 
f9580000-100000000 ---p 00000000 00:00 0 
800000000-800449000 rw-p 00001000 00:1d93 4611686019135357769            /nix/store/gpxl5qgg8kicmcvivwmybwjlpf7wh20l-graalvm17-ce-22.3.0/lib/server/classes.jsa
800449000-800bc8000 r--p 0044a000 00:1d93 4611686019135357769            /nix/store/gpxl5qgg8kicmcvivwmybwjlpf7wh20l-graalvm17-ce-22.3.0/lib/server/classes.jsa
800bc8000-800c00000 ---p 00000000 00:00 0 
800c00000-800c20000 rw-p 00000000 00:00 0 
800c20000-800c40000 rw-p 00000000 00:00 0 
800c40000-800cc0000 rw-p 00000000 00:00 0 
800cc0000-800d00000 rw-p 00000000 00:00 0 
800d00000-800dc0000 rw-p 00000000 00:00 0 
800dc0000-800e00000 rw-p 00000000 00:00 0 
800e00000-800f40000 rw-p 00000000 00:00 0 
800f40000-800f80000 rw-p 00000000 00:00 0 
800f80000-800fc0000 rw-p 00000000 00:00 0 
800fc0000-801000000 rw-p 00000000 00:00 0 
801000000-8011c0000 rw-p 00000000 00:00 0 
8011c0000-8011d0000 rw-p 00000000 00:00 0 
8011d0000-801200000 ---p 00000000 00:00 0 
801200000-801280000 rw-p 00000000 00:00 0 
801280000-840c00000 ---p 00000000 00:00 0 
558e339c7000-558e339c8000 r-xp 00000000 00:1d93 4611686019099417844      /nix/store/gpxl5qgg8kicmcvivwmybwjlpf7wh20l-graalvm17-ce-22.3.0/bin/.java-wrapped
558e339c9000-558e339ca000 r--p 00001000 00:1d93 4611686019099417844      /nix/store/gpxl5qgg8kicmcvivwmybwjlpf7wh20l-graalvm17-ce-22.3.0/bin/.java-wrapped
558e339ca000-558e339cb000 rw-p 00002000 00:1d93 4611686019099417844      /nix/store/gpxl5qgg8kicmcvivwmybwjlpf7wh20l-graalvm17-ce-22.3.0/bin/.java-wrapped
558e339cb000-558e339cc000 rw-p 00004000 00:1d93 4611686019099417844      /nix/store/gpxl5qgg8kicmcvivwmybwjlpf7wh20l-graalvm17-ce-22.3.0/bin/.java-wrapped
558e339cc000-558e339cd000 rw-p 00005000 00:1d93 4611686019099417844      /nix/store/gpxl5qgg8kicmcvivwmybwjlpf7wh20l-graalvm17-ce-22.3.0/bin/.java-wrapped
558e3520d000-558e35255000 rw-p 00000000 00:00 0                          [heap]
7f09a4000000-7f09a4021000 rw-p 00000000 00:00 0 
7f09a4021000-7f09a8000000 ---p 00000000 00:00 0 
7f09a8000000-7f09a8021000 rw-p 00000000 00:00 0 
7f09a8021000-7f09ac000000 ---p 00000000 00:00 0 
7f09ac000000-7f09ac021000 rw-p 00000000 00:00 0 
7f09ac021000-7f09b0000000 ---p 00000000 00:00 0 
7f09b0000000-7f09b0044000 rw-p 00000000 00:00 0 
7f09b0044000-7f09b4000000 ---p 00000000 00:00 0 
7f09b4000000-7f09b4021000 rw-p 00000000 00:00 0 
7f09b4021000-7f09b8000000 ---p 00000000 00:00 0 
7f09b8000000-7f09b8021000 rw-p 00000000 00:00 0 
7f09b8021000-7f09bc000000 ---p 00000000 00:00 0 
7f09bc000000-7f09bc021000 rw-p 00000000 00:00 0 
7f09bc021000-7f09c0000000 ---p 00000000 00:00 0 
7f09c0000000-7f09c0021000 rw-p 00000000 00:00 0 
7f09c0021000-7f09c4000000 ---p 00000000 00:00 0 
7f09c4000000-7f09c40f3000 rw-p 00000000 00:00 0 
7f09c40f3000-7f09c8000000 ---p 00000000 00:00 0 
7f09c8000000-7f09c802b000 rw-p 00000000 00:00 0 
7f09c802b000-7f09cc000000 ---p 00000000 00:00 0 
7f09cc000000-7f09cc021000 rw-p 00000000 00:00 0 
7f09cc021000-7f09d0000000 ---p 00000000 00:00 0 
7f09d0000000-7f09d0021000 rw-p 00000000 00:00 0 
7f09d0021000-7f09d4000000 ---p 00000000 00:00 0 
7f09d4000000-7f09d4021000 rw-p 00000000 00:00 0 
7f09d4021000-7f09d8000000 ---p 00000000 00:00 0 
7f09d8000000-7f09d8021000 rw-p 00000000 00:00 0 
7f09d8021000-7f09dc000000 ---p 00000000 00:00 0 
7f09dc000000-7f09dc0d9000 rw-p 00000000 00:00 0 
7f09dc0d9000-7f09e0000000 ---p 00000000 00:00 0 
7f09e1300000-7f09e1400000 ---p 00000000 00:00 0 
7f09e1400000-7f09e19af000 r--p 01122000 00:1d93 4611686019135190040      /nix/store/gpxl5qgg8kicmcvivwmybwjlpf7wh20l-graalvm17-ce-22.3.0/lib/libjvmcicompiler.so
7f09e19af000-7f09e1b00000 r--p 00000000 00:00 0 
7f09e1b00000-7f09e1b3d000 rw-p 00000000 00:00 0 
7f09e1b3d000-7f09e205d000 rw-p 0185f000 00:1d93 4611686019135190040      /nix/store/gpxl5qgg8kicmcvivwmybwjlpf7wh20l-graalvm17-ce-22.3.0/lib/libjvmcicompiler.so
7f09e205d000-7f09e2444000 r--p 01d7f000 00:1d93 4611686019135190040      /nix/store/gpxl5qgg8kicmcvivwmybwjlpf7wh20l-graalvm17-ce-22.3.0/lib/libjvmcicompiler.so
7f09e24b3000-7f09ec000000 r--s 00000000 00:1d93 4611686019135192581      /nix/store/gpxl5qgg8kicmcvivwmybwjlpf7wh20l-graalvm17-ce-22.3.0/lib/modules
7f09ec000000-7f09ec02f000 rw-p 00000000 00:00 0 
7f09ec02f000-7f09f0000000 ---p 00000000 00:00 0 
7f09f0000000-7f09f0027000 rw-p 00000000 00:00 0 
7f09f0027000-7f09f4000000 ---p 00000000 00:00 0 
7f09f4000000-7f09f4021000 rw-p 00000000 00:00 0 
7f09f4021000-7f09f8000000 ---p 00000000 00:00 0 
7f09f8000000-7f09f8506000 rw-p 00000000 00:00 0 
7f09f8506000-7f09fc000000 ---p 00000000 00:00 0 
7f09fc000000-7f09fc29f000 rw-p 00000000 00:00 0 
7f09fc29f000-7f0a00000000 ---p 00000000 00:00 0 
7f0a00000000-7f0a00021000 rw-p 00000000 00:00 0 
7f0a00021000-7f0a04000000 ---p 00000000 00:00 0 
7f0a04000000-7f0a04021000 rw-p 00000000 00:00 0 
7f0a04021000-7f0a08000000 ---p 00000000 00:00 0 
7f0a08c00000-7f0a091d0000 rw-p 00000000 00:00 0 
7f0a091d0000-7f0a09400000 ---p 00000000 00:00 0 
7f0a09c00000-7f0a0a180000 rw-p 00000000 00:00 0 
7f0a0a180000-7f0a0a1e0000 rw-p 00000000 00:00 0 
7f0a0a1e0000-7f0a0a200000 ---p 00000000 00:00 0 
7f0a0a200000-7f0a0a400000 rw-p 00000000 00:00 0 
7f0a0a800000-7f0a0ad00000 rw-p 00000000 00:00 0 
7f0a0ad00000-7f0a0ae00000 rw-p 00000000 00:00 0 
7f0a0ae00000-7f0a0b000000 rw-p 00000000 00:00 0 
7f0a0b000000-7f0a0b100000 rw-p 00000000 00:00 0 
7f0a0b100000-7f0a0b200000 rw-p 00000000 00:00 0 
7f0a0b200000-7f0a0b300000 rw-p 00000000 00:00 0 
7f0a0b300000-7f0a0b4e0000 rw-p 00000000 00:00 0 
7f0a0b4e0000-7f0a0b500000 rw-p 00000000 00:00 0 
7f0a0b500000-7f0a0b700000 rw-p 00000000 00:00 0 
7f0a0b700000-7f0a0b800000 rw-p 00000000 00:00 0 
7f0a0b800000-7f0a0b900000 rw-p 00000000 00:00 0 
7f0a0b900000-7f0a0ba00000 rw-p 00000000 00:00 0 
7f0a0ba00000-7f0a0bfe0000 rw-p 00000000 00:00 0 
7f0a0bfe0000-7f0a0c000000 rw-p 00000000 00:00 0 
7f0a0c000000-7f0a0c030000 rw-p 00000000 00:00 0 
7f0a0c030000-7f0a10000000 ---p 00000000 00:00 0 
7f0a10000000-7f0a10075000 rw-p 00000000 00:00 0 
7f0a10075000-7f0a14000000 ---p 00000000 00:00 0 
7f0a14000000-7f0a14021000 rw-p 00000000 00:00 0 
7f0a14021000-7f0a18000000 ---p 00000000 00:00 0 
7f0a18000000-7f0a1834c000 rw-p 00000000 00:00 0 
7f0a1834c000-7f0a1c000000 ---p 00000000 00:00 0 
7f0a1c000000-7f0a1c021000 rw-p 00000000 00:00 0 
7f0a1c021000-7f0a20000000 ---p 00000000 00:00 0 
7f0a20000000-7f0a201ac000 rw-p 00000000 00:00 0 
7f0a201ac000-7f0a24000000 ---p 00000000 00:00 0 
7f0a24000000-7f0a248fa000 rw-p 00000000 00:00 0 
7f0a248fa000-7f0a28000000 ---p 00000000 00:00 0 
7f0a28000000-7f0a28026000 rw-p 00000000 00:00 0 
7f0a28026000-7f0a2c000000 ---p 00000000 00:00 0 
7f0a2c000000-7f0a2c021000 rw-p 00000000 00:00 0 
7f0a2c021000-7f0a30000000 ---p 00000000 00:00 0 
7f0a30000000-7f0a30021000 rw-p 00000000 00:00 0 
7f0a30021000-7f0a34000000 ---p 00000000 00:00 0 
7f0a34000000-7f0a34021000 rw-p 00000000 00:00 0 
7f0a34021000-7f0a38000000 ---p 00000000 00:00 0 
7f0a38000000-7f0a38100000 rw-p 00000000 00:00 0 
7f0a38100000-7f0a38200000 rw-p 00000000 00:00 0 
7f0a38200000-7f0a38500000 rw-p 00000000 00:00 0 
7f0a38500000-7f0a38600000 rw-p 00000000 00:00 0 
7f0a38600000-7f0a38800000 rw-p 00000000 00:00 0 
7f0a38800000-7f0a38804000 ---p 00000000 00:00 0 
7f0a38804000-7f0a38900000 rw-p 00000000 00:00 0 
7f0a38900000-7f0a38904000 ---p 00000000 00:00 0 
7f0a38904000-7f0a38a00000 rw-p 00000000 00:00 0 
7f0a38a00000-7f0a38a04000 ---p 00000000 00:00 0 
7f0a38a04000-7f0a38b00000 rw-p 00000000 00:00 0 
7f0a38b00000-7f0a38b04000 ---p 00000000 00:00 0 
7f0a38b04000-7f0a38c00000 rw-p 00000000 00:00 0 
7f0a38c00000-7f0a38c04000 ---p 00000000 00:00 0 
7f0a38c04000-7f0a38d00000 rw-p 00000000 00:00 0 
7f0a38d00000-7f0a38d04000 ---p 00000000 00:00 0 
7f0a38d04000-7f0a38e00000 rw-p 00000000 00:00 0 
7f0a38f00000-7f0a38f04000 ---p 00000000 00:00 0 
7f0a38f04000-7f0a39000000 rw-p 00000000 00:00 0 
7f0a39100000-7f0a39104000 ---p 00000000 00:00 0 
7f0a39104000-7f0a39200000 rw-p 00000000 00:00 0 
7f0a39300000-7f0a39304000 ---p 00000000 00:00 0 
7f0a39304000-7f0a39400000 rw-p 00000000 00:00 0 
7f0a39400000-7f0a39404000 ---p 00000000 00:00 0 
7f0a39404000-7f0a39500000 rw-p 00000000 00:00 0 
7f0a39500000-7f0a39504000 ---p 00000000 00:00 0 
7f0a39504000-7f0a39600000 rw-p 00000000 00:00 0 
7f0a39700000-7f0a39704000 ---p 00000000 00:00 0 
7f0a39704000-7f0a39800000 rw-p 00000000 00:00 0 
7f0a39900000-7f0a39904000 ---p 00000000 00:00 0 
7f0a39904000-7f0a39a00000 rw-p 00000000 00:00 0 
7f0a39a00000-7f0a39a10000 r-xp 00000000 00:1d90 356                      /home/runner/.cache/jdt-language-server/config/org.eclipse.equinox.launcher/org.eclipse.equinox.launcher.gtk.linux.x86_64_1.2.400.v20211117-0650/eclipse_11600.so
7f0a39a10000-7f0a39c0f000 ---p 00010000 00:1d90 356                      /home/runner/.cache/jdt-language-server/config/org.eclipse.equinox.launcher/org.eclipse.equinox.launcher.gtk.linux.x86_64_1.2.400.v20211117-0650/eclipse_11600.so
7f0a39c0f000-7f0a39c10000 r--p 0000f000 00:1d90 356                      /home/runner/.cache/jdt-language-server/config/org.eclipse.equinox.launcher/org.eclipse.equinox.launcher.gtk.linux.x86_64_1.2.400.v20211117-0650/eclipse_11600.so
7f0a39c10000-7f0a39c11000 rw-p 00010000 00:1d90 356                      /home/runner/.cache/jdt-language-server/config/org.eclipse.equinox.launcher/org.eclipse.equinox.launcher.gtk.linux.x86_64_1.2.400.v20211117-0650/eclipse_11600.so
7f0a39d00000-7f0a39d04000 ---p 00000000 00:00 0 
7f0a39d04000-7f0a39e00000 rw-p 00000000 00:00 0 
7f0a39e00000-7f0a39e04000 ---p 00000000 00:00 0 
7f0a39e04000-7f0a39f00000 rw-p 00000000 00:00 0 
7f0a39f00000-7f0a39f04000 ---p 00000000 00:00 0 
7f0a39f04000-7f0a3a000000 rw-p 00000000 00:00 0 
7f0a3a100000-7f0a3a104000 ---p 00000000 00:00 0 
7f0a3a104000-7f0a3a200000 rw-p 00000000 00:00 0 
7f0a3a300000-7f0a3a304000 ---p 00000000 00:00 0 
7f0a3a304000-7f0a3a400000 rw-p 00000000 00:00 0 
7f0a3a400000-7f0a3a404000 ---p 00000000 00:00 0 
7f0a3a404000-7f0a3a500000 rw-p 00000000 00:00 0 
7f0a3a500000-7f0a3a504000 ---p 00000000 00:00 0 
7f0a3a504000-7f0a3a600000 rw-p 00000000 00:00 0 
7f0a3a700000-7f0a3a704000 ---p 00000000 00:00 0 
7f0a3a704000-7f0a3a800000 rw-p 00000000 00:00 0 
7f0a3a900000-7f0a3a904000 ---p 00000000 00:00 0 
7f0a3a904000-7f0a3aa00000 rw-p 00000000 00:00 0 
7f0a3ab00000-7f0a3ab04000 ---p 00000000 00:00 0 
7f0a3ab04000-7f0a3ac00000 rw-p 00000000 00:00 0 
7f0a3ad00000-7f0a3ad04000 ---p 00000000 00:00 0 
7f0a3ad04000-7f0a3ae00000 rw-p 00000000 00:00 0 
7f0a3ae00000-7f0a3ae04000 ---p 00000000 00:00 0 
7f0a3ae04000-7f0a3af00000 rw-p 00000000 00:00 0 
7f0a3af00000-7f0a3af04000 ---p 00000000 00:00 0 
7f0a3af04000-7f0a3b000000 rw-p 00000000 00:00 0 
7f0a3b100000-7f0a3b104000 ---p 00000000 00:00 0 
7f0a3b104000-7f0a3b200000 rw-p 00000000 00:00 0 
7f0a3b200000-7f0a3b204000 ---p 00000000 00:00 0 
7f0a3b204000-7f0a3b300000 rw-p 00000000 00:00 0 
7f0a3b300000-7f0a3b304000 ---p 00000000 00:00 0 
7f0a3b304000-7f0a3b400000 rw-p 00000000 00:00 0 
7f0a3b500000-7f0a3b504000 ---p 00000000 00:00 0 
7f0a3b504000-7f0a3b600000 rw-p 00000000 00:00 0 
7f0a3b700000-7f0a3b704000 ---p 00000000 00:00 0 
7f0a3b704000-7f0a3b800000 rw-p 00000000 00:00 0 
7f0a3b900000-7f0a3b904000 ---p 00000000 00:00 0 
7f0a3b904000-7f0a3ba00000 rw-p 00000000 00:00 0 
7f0a3bb00000-7f0a3bb04000 ---p 00000000 00:00 0 
7f0a3bb04000-7f0a3bc00000 rw-p 00000000 00:00 0 
7f0a3bc00000-7f0a3bc04000 ---p 00000000 00:00 0 
7f0a3bc04000-7f0a3bd00000 rw-p 00000000 00:00 0 
7f0a3bd00000-7f0a3bd04000 ---p 00000000 00:00 0 
7f0a3bd04000-7f0a3be00000 rw-p 00000000 00:00 0 
7f0a3be00000-7f0a3be04000 ---p 00000000 00:00 0 
7f0a3be04000-7f0a3bf00000 rw-p 00000000 00:00 0 
7f0a3bf00000-7f0a3bf04000 ---p 00000000 00:00 0 
7f0a3bf04000-7f0a3c000000 rw-p 00000000 00:00 0 
7f0a3c000000-7f0a3c004000 ---p 00000000 00:00 0 
7f0a3c004000-7f0a3c100000 rw-p 00000000 00:00 0 
7f0a3c100000-7f0a3c104000 ---p 00000000 00:00 0 
7f0a3c104000-7f0a3c200000 rw-p 00000000 00:00 0 
7f0a3c200000-7f0a3c204000 ---p 00000000 00:00 0 
7f0a3c204000-7f0a3c300000 rw-p 00000000 00:00 0 
7f0a3c300000-7f0a3c304000 ---p 00000000 00:00 0 
7f0a3c304000-7f0a3c400000 rw-p 00000000 00:00 0 
7f0a3c400000-7f0a3c404000 ---p 00000000 00:00 0 
7f0a3c404000-7f0a3c500000 rw-p 00000000 00:00 0 
7f0a3c500000-7f0a3c504000 ---p 00000000 00:00 0 
7f0a3c504000-7f0a3c600000 rw-p 00000000 00:00 0 
7f0a3c700000-7f0a3c704000 ---p 00000000 00:00 0 
7f0a3c704000-7f0a3c800000 rw-p 00000000 00:00 0 
7f0a3c900000-7f0a3c904000 ---p 00000000 00:00 0 
7f0a3c904000-7f0a3ca00000 rw-p 00000000 00:00 0 
7f0a3d668000-7f0a3db00000 rw-p 00000000 00:00 0 
7f0a3dc00000-7f0a3fd6a000 r-xp 00000000 00:1d93 4611686019135190040      /nix/store/gpxl5qgg8kicmcvivwmybwjlpf7wh20l-graalvm17-ce-22.3.0/lib/libjvmcicompiler.so
7f0a3fd6a000-7f0a3ff69000 ---p 0216a000 00:1d93 4611686019135190040      /nix/store/gpxl5qgg8kicmcvivwmybwjlpf7wh20l-graalvm17-ce-22.3.0/lib/libjvmcicompiler.so
7f0a3ff69000-7f0a3ff6a000 r--p 02169000 00:1d93 4611686019135190040      /nix/store/gpxl5qgg8kicmcvivwmybwjlpf7wh20l-graalvm17-ce-22.3.0/lib/libjvmcicompiler.so
7f0a3ff6a000-7f0a3ff6c000 rw-p 0216a000 00:1d93 4611686019135190040      /nix/store/gpxl5qgg8kicmcvivwmybwjlpf7wh20l-graalvm17-ce-22.3.0/lib/libjvmcicompiler.so
7f0a3ff6c000-7f0a3ff6d000 rw-p 00000000 00:00 0 
7f0a3ff6d000-7f0a3ff72000 rw-p 023c3000 00:1d93 4611686019135190040      /nix/store/gpxl5qgg8kicmcvivwmybwjlpf7wh20l-graalvm17-ce-22.3.0/lib/libjvmcicompiler.so
7f0a40000000-7f0a40021000 rw-p 00000000 00:00 0 
7f0a40021000-7f0a44000000 ---p 00000000 00:00 0 
7f0a44000000-7f0a44021000 rw-p 00000000 00:00 0 
7f0a44021000-7f0a48000000 ---p 00000000 00:00 0 
7f0a48000000-7f0a48021000 rw-p 00000000 00:00 0 
7f0a48021000-7f0a4c000000 ---p 00000000 00:00 0 
7f0a4c000000-7f0a4c021000 rw-p 00000000 00:00 0 
7f0a4c021000-7f0a50000000 ---p 00000000 00:00 0 
7f0a50000000-7f0a500ca000 rw-p 00000000 00:00 0 
7f0a500ca000-7f0a54000000 ---p 00000000 00:00 0 
7f0a54000000-7f0a54ba1000 rw-p 00000000 00:00 0 
7f0a54ba1000-7f0a58000000 ---p 00000000 00:00 0 
7f0a58000000-7f0a58021000 rw-p 00000000 00:00 0 
7f0a58021000-7f0a5c000000 ---p 00000000 00:00 0 
7f0a5c000000-7f0a5c021000 rw-p 00000000 00:00 0 
7f0a5c021000-7f0a60000000 ---p 00000000 00:00 0 
7f0a60000000-7f0a60021000 rw-p 00000000 00:00 0 
7f0a60021000-7f0a64000000 ---p 00000000 00:00 0 
7f0a64000000-7f0a64021000 rw-p 00000000 00:00 0 
7f0a64021000-7f0a68000000 ---p 00000000 00:00 0 
7f0a68000000-7f0a68021000 rw-p 00000000 00:00 0 
7f0a68021000-7f0a6c000000 ---p 00000000 00:00 0 
7f0a6c000000-7f0a6c021000 rw-p 00000000 00:00 0 
7f0a6c021000-7f0a70000000 ---p 00000000 00:00 0 
7f0a70000000-7f0a70122000 rw-p 00000000 00:00 0 
7f0a70122000-7f0a74000000 ---p 00000000 00:00 0 
7f0a74000000-7f0a74004000 ---p 00000000 00:00 0 
7f0a74004000-7f0a74100000 rw-p 00000000 00:00 0 
7f0a74100000-7f0a74104000 ---p 00000000 00:00 0 
7f0a74104000-7f0a74200000 rw-p 00000000 00:00 0 
7f0a74200000-7f0a74204000 ---p 00000000 00:00 0 
7f0a74204000-7f0a74300000 rw-p 00000000 00:00 0 
7f0a74300000-7f0a74304000 ---p 00000000 00:00 0 
7f0a74304000-7f0a74400000 rw-p 00000000 00:00 0 
7f0a74400000-7f0a74404000 ---p 00000000 00:00 0 
7f0a74404000-7f0a74500000 rw-p 00000000 00:00 0 
7f0a74600000-7f0a74604000 ---p 00000000 00:00 0 
7f0a74604000-7f0a74700000 rw-p 00000000 00:00 0 
7f0a74818000-7f0a74819000 ---p 00000000 00:00 0 
7f0a74819000-7f0a7491a000 rw-p 00000000 00:00 0 
7f0a7491a000-7f0a7491e000 ---p 00000000 00:00 0 
7f0a7491e000-7f0a74a1a000 rw-p 00000000 00:00 0 
7f0a74a1a000-7f0a74a1e000 ---p 00000000 00:00 0 
7f0a74a1e000-7f0a74b1a000 rw-p 00000000 00:00 0 
7f0a74b1a000-7f0a74b1e000 ---p 00000000 00:00 0 
7f0a74b1e000-7f0a74c1a000 rw-p 00000000 00:00 0 
7f0a74c1a000-7f0a74c1e000 ---p 00000000 00:00 0 
7f0a74c1e000-7f0a74e1a000 rw-p 00000000 00:00 0 
7f0a74e1a000-7f0a74e1e000 ---p 00000000 00:00 0 
7f0a74e1e000-7f0a7501a000 rw-p 00000000 00:00 0 
7f0a7501a000-7f0a7501e000 ---p 00000000 00:00 0 
7f0a7501e000-7f0a7511a000 rw-p 00000000 00:00 0 
7f0a7511a000-7f0a7511e000 ---p 00000000 00:00 0 
7f0a7511e000-7f0a7521a000 rw-p 00000000 00:00 0 
7f0a7521a000-7f0a7521e000 ---p 00000000 00:00 0 
7f0a7521e000-7f0a7531a000 rw-p 00000000 00:00 0 
7f0a7531a000-7f0a75600000 r--p 00000000 00:1d73 28444448                 /usr/lib/locale/locale-archive
7f0a75600000-7f0a75604000 ---p 00000000 00:00 0 
7f0a75604000-7f0a75700000 rw-p 00000000 00:00 0 
7f0a75700000-7f0a75704000 ---p 00000000 00:00 0 
7f0a75704000-7f0a75c00000 rw-p 00000000 00:00 0 
7f0a75c00000-7f0a75f00000 rw-p 00000000 00:00 0 
7f0a75f00000-7f0a76000000 rw-p 00000000 00:00 0 
7f0a760bd000-7f0a760c1000 ---p 00000000 00:00 0 
7f0a760c1000-7f0a760df000 rw-p 00000000 00:00 0 
7f0a760df000-7f0a760e0000 ---p 00000000 00:00 0 
7f0a760e0000-7f0a761e1000 rw-p 00000000 00:00 0 
7f0a761e1000-7f0a762af000 r-xp 00000000 00:1d93 4611686019135190036      /nix/store/gpxl5qgg8kicmcvivwmybwjlpf7wh20l-graalvm17-ce-22.3.0/lib/libjsvml.so
7f0a762af000-7f0a762b0000 r--p 000cd000 00:1d93 4611686019135190036      /nix/store/gpxl5qgg8kicmcvivwmybwjlpf7wh20l-graalvm17-ce-22.3.0/lib/libjsvml.so
7f0a762b0000-7f0a762b1000 rw-p 000ce000 00:1d93 4611686019135190036      /nix/store/gpxl5qgg8kicmcvivwmybwjlpf7wh20l-graalvm17-ce-22.3.0/lib/libjsvml.so
7f0a762b1000-7f0a774b3000 rw-p 00000000 00:00 0 
7f0a774b3000-7f0a77723000 rwxp 00000000 00:00 0 
7f0a77723000-7f0a77a42000 ---p 00000000 00:00 0 
7f0a77a42000-7f0a789d2000 rwxp 00000000 00:00 0 
7f0a789d2000-7f0a7ef7a000 ---p 00000000 00:00 0 
7f0a7ef7a000-7f0a7f22a000 rwxp 00000000 00:00 0 
7f0a7f22a000-7f0a864b3000 ---p 00000000 00:00 0 
7f0a864b3000-7f0a90000000 r--s 00000000 00:1d93 4611686019135192581      /nix/store/gpxl5qgg8kicmcvivwmybwjlpf7wh20l-graalvm17-ce-22.3.0/lib/modules
7f0a90000000-7f0a90613000 rw-p 00000000 00:00 0 
7f0a90613000-7f0a94000000 ---p 00000000 00:00 0 
7f0a94004000-7f0a94006000 r-xp 00000000 00:1d93 4611686019135190017      /nix/store/gpxl5qgg8kicmcvivwmybwjlpf7wh20l-graalvm17-ce-22.3.0/lib/libextnet.so
7f0a94006000-7f0a94007000 r--p 00001000 00:1d93 4611686019135190017      /nix/store/gpxl5qgg8kicmcvivwmybwjlpf7wh20l-graalvm17-ce-22.3.0/lib/libextnet.so
7f0a94007000-7f0a94008000 rw-p 00002000 00:1d93 4611686019135190017      /nix/store/gpxl5qgg8kicmcvivwmybwjlpf7wh20l-graalvm17-ce-22.3.0/lib/libextnet.so
7f0a94008000-7f0a94009000 rw-p 00004000 00:1d93 4611686019135190017      /nix/store/gpxl5qgg8kicmcvivwmybwjlpf7wh20l-graalvm17-ce-22.3.0/lib/libextnet.so
7f0a94009000-7f0a94010000 r-xp 00000000 00:1d93 4611686019135192580      /nix/store/gpxl5qgg8kicmcvivwmybwjlpf7wh20l-graalvm17-ce-22.3.0/lib/libzip.so
7f0a94010000-7f0a94011000 ---p 00007000 00:1d93 4611686019135192580      /nix/store/gpxl5qgg8kicmcvivwmybwjlpf7wh20l-graalvm17-ce-22.3.0/lib/libzip.so
7f0a94011000-7f0a94012000 r--p 00007000 00:1d93 4611686019135192580      /nix/store/gpxl5qgg8kicmcvivwmybwjlpf7wh20l-graalvm17-ce-22.3.0/lib/libzip.so
7f0a94012000-7f0a94013000 rw-p 00008000 00:1d93 4611686019135192580      /nix/store/gpxl5qgg8kicmcvivwmybwjlpf7wh20l-graalvm17-ce-22.3.0/lib/libzip.so
7f0a94013000-7f0a94015000 rw-p 0000b000 00:1d93 4611686019135192580      /nix/store/gpxl5qgg8kicmcvivwmybwjlpf7wh20l-graalvm17-ce-22.3.0/lib/libzip.so
7f0a94015000-7f0a9402a000 r-xp 00000000 00:1d93 4611686019135192570      /nix/store/gpxl5qgg8kicmcvivwmybwjlpf7wh20l-graalvm17-ce-22.3.0/lib/libnet.so
7f0a9402a000-7f0a9402b000 ---p 00015000 00:1d93 4611686019135192570      /nix/store/gpxl5qgg8kicmcvivwmybwjlpf7wh20l-graalvm17-ce-22.3.0/lib/libnet.so
7f0a9402b000-7f0a9402c000 r--p 00015000 00:1d93 4611686019135192570      /nix/store/gpxl5qgg8kicmcvivwmybwjlpf7wh20l-graalvm17-ce-22.3.0/lib/libnet.so
7f0a9402c000-7f0a9402d000 rw-p 00016000 00:1d93 4611686019135192570      /nix/store/gpxl5qgg8kicmcvivwmybwjlpf7wh20l-graalvm17-ce-22.3.0/lib/libnet.so
7f0a9402d000-7f0a94030000 rw-p 0001b000 00:1d93 4611686019135192570      /nix/store/gpxl5qgg8kicmcvivwmybwjlpf7wh20l-graalvm17-ce-22.3.0/lib/libnet.so
7f0a94030000-7f0a94043000 r-xp 00000000 00:1d93 4611686019135192571      /nix/store/gpxl5qgg8kicmcvivwmybwjlpf7wh20l-graalvm17-ce-22.3.0/lib/libnio.so
7f0a94043000-7f0a94044000 r--p 00012000 00:1d93 4611686019135192571      /nix/store/gpxl5qgg8kicmcvivwmybwjlpf7wh20l-graalvm17-ce-22.3.0/lib/libnio.so
7f0a94044000-7f0a94045000 rw-p 00013000 00:1d93 4611686019135192571      /nix/store/gpxl5qgg8kicmcvivwmybwjlpf7wh20l-graalvm17-ce-22.3.0/lib/libnio.so
7f0a94045000-7f0a9404a000 rw-p 00019000 00:1d93 4611686019135192571      /nix/store/gpxl5qgg8kicmcvivwmybwjlpf7wh20l-graalvm17-ce-22.3.0/lib/libnio.so
7f0a9404a000-7f0a94720000 rw-p 00000000 00:00 0 
7f0a94720000-7f0a94721000 ---p 00000000 00:00 0 
7f0a94721000-7f0a948cc000 rw-p 00000000 00:00 0 
7f0a948cc000-7f0a948ed000 rw-p 00000000 00:00 0 
7f0a948ed000-7f0a94922000 ---p 00000000 00:00 0 
7f0a94922000-7f0a94929000 rw-p 00000000 00:00 0 
7f0a94929000-7f0a94a0e000 ---p 00000000 00:00 0 
7f0a94a0e000-7f0a94a2e000 rw-p 00000000 00:00 0 
7f0a94a2e000-7f0a94af9000 ---p 00000000 00:00 0 
7f0a94af9000-7f0a94afe000 rw-p 00000000 00:00 0 
7f0a94afe000-7f0a94b05000 ---p 00000000 00:00 0 
7f0a94b05000-7f0a94b29000 r-xp 00000000 00:1d93 4611686019135190028      /nix/store/gpxl5qgg8kicmcvivwmybwjlpf7wh20l-graalvm17-ce-22.3.0/lib/libjava.so
7f0a94b29000-7f0a94b2a000 ---p 00024000 00:1d93 4611686019135190028      /nix/store/gpxl5qgg8kicmcvivwmybwjlpf7wh20l-graalvm17-ce-22.3.0/lib/libjava.so
7f0a94b2a000-7f0a94b2b000 r--p 00024000 00:1d93 4611686019135190028      /nix/store/gpxl5qgg8kicmcvivwmybwjlpf7wh20l-graalvm17-ce-22.3.0/lib/libjava.so
7f0a94b2b000-7f0a94b2c000 rw-p 00025000 00:1d93 4611686019135190028      /nix/store/gpxl5qgg8kicmcvivwmybwjlpf7wh20l-graalvm17-ce-22.3.0/lib/libjava.so
7f0a94b2c000-7f0a94b2d000 rw-p 00000000 00:00 0 
7f0a94b2d000-7f0a94b34000 rw-p 0002f000 00:1d93 4611686019135190028      /nix/store/gpxl5qgg8kicmcvivwmybwjlpf7wh20l-graalvm17-ce-22.3.0/lib/libjava.so
7f0a94b34000-7f0a94b3c000 rw-s 00000000 00:1d60 353                      /tmp/hsperfdata_runner/29
7f0a94b3c000-7f0a94b3d000 ---p 00000000 00:00 0 
7f0a94b3d000-7f0a94b3e000 r--p 00000000 00:00 0 
7f0a94b3e000-7f0a94b3f000 rwxp 00000000 00:00 0 
7f0a94b3f000-7f0a94b5a000 r-xp 00000000 00:1d93 4611686019135190032      /nix/store/gpxl5qgg8kicmcvivwmybwjlpf7wh20l-graalvm17-ce-22.3.0/lib/libjimage.so
7f0a94b5a000-7f0a94b5b000 ---p 0001b000 00:1d93 4611686019135190032      /nix/store/gpxl5qgg8kicmcvivwmybwjlpf7wh20l-graalvm17-ce-22.3.0/lib/libjimage.so
7f0a94b5b000-7f0a94b5d000 r--p 0001b000 00:1d93 4611686019135190032      /nix/store/gpxl5qgg8kicmcvivwmybwjlpf7wh20l-graalvm17-ce-22.3.0/lib/libjimage.so
7f0a94b5d000-7f0a94b5e000 rw-p 0001d000 00:1d93 4611686019135190032      /nix/store/gpxl5qgg8kicmcvivwmybwjlpf7wh20l-graalvm17-ce-22.3.0/lib/libjimage.so
7f0a94b5e000-7f0a94b5f000 rw-p 00024000 00:1d93 4611686019135190032      /nix/store/gpxl5qgg8kicmcvivwmybwjlpf7wh20l-graalvm17-ce-22.3.0/lib/libjimage.so
7f0a94b5f000-7f0a94b63000 ---p 00000000 00:00 0 
7f0a94b63000-7f0a94c5f000 rw-p 00000000 00:00 0 
7f0a94c5f000-7f0a94c6d000 r--p 00000000 00:1d93 4611686019027979927      /nix/store/4nlgxhb09sdr51nc9hdm8az5b08vzkgx-glibc-2.35-163/lib/libm.so.6
7f0a94c6d000-7f0a94ce0000 r-xp 0000e000 00:1d93 4611686019027979927      /nix/store/4nlgxhb09sdr51nc9hdm8az5b08vzkgx-glibc-2.35-163/lib/libm.so.6
7f0a94ce0000-7f0a94d3d000 r--p 00081000 00:1d93 4611686019027979927      /nix/store/4nlgxhb09sdr51nc9hdm8az5b08vzkgx-glibc-2.35-163/lib/libm.so.6
7f0a94d3d000-7f0a94d3e000 r--p 000dd000 00:1d93 4611686019027979927      /nix/store/4nlgxhb09sdr51nc9hdm8az5b08vzkgx-glibc-2.35-163/lib/libm.so.6
7f0a94d3e000-7f0a94d3f000 rw-p 000de000 00:1d93 4611686019027979927      /nix/store/4nlgxhb09sdr51nc9hdm8az5b08vzkgx-glibc-2.35-163/lib/libm.so.6
7f0a94d3f000-7f0a94d40000 r--p 00000000 00:1d93 4611686019027979946      /nix/store/4nlgxhb09sdr51nc9hdm8az5b08vzkgx-glibc-2.35-163/lib/librt.so.1
7f0a94d40000-7f0a94d41000 r-xp 00001000 00:1d93 4611686019027979946      /nix/store/4nlgxhb09sdr51nc9hdm8az5b08vzkgx-glibc-2.35-163/lib/librt.so.1
7f0a94d41000-7f0a94d42000 r--p 00002000 00:1d93 4611686019027979946      /nix/store/4nlgxhb09sdr51nc9hdm8az5b08vzkgx-glibc-2.35-163/lib/librt.so.1
7f0a94d42000-7f0a94d43000 r--p 00002000 00:1d93 4611686019027979946      /nix/store/4nlgxhb09sdr51nc9hdm8az5b08vzkgx-glibc-2.35-163/lib/librt.so.1
7f0a94d43000-7f0a94d44000 rw-p 00003000 00:1d93 4611686019027979946      /nix/store/4nlgxhb09sdr51nc9hdm8az5b08vzkgx-glibc-2.35-163/lib/librt.so.1
7f0a94d44000-7f0a95e57000 r-xp 00000000 00:1d93 4611686019135360866      /nix/store/gpxl5qgg8kicmcvivwmybwjlpf7wh20l-graalvm17-ce-22.3.0/lib/server/libjvm.so
7f0a95e57000-7f0a95e58000 ---p 01113000 00:1d93 4611686019135360866      /nix/store/gpxl5qgg8kicmcvivwmybwjlpf7wh20l-graalvm17-ce-22.3.0/lib/server/libjvm.so
7f0a95e58000-7f0a95f0d000 r--p 01113000 00:1d93 4611686019135360866      /nix/store/gpxl5qgg8kicmcvivwmybwjlpf7wh20l-graalvm17-ce-22.3.0/lib/server/libjvm.so
7f0a95f0d000-7f0a95f41000 rw-p 011c8000 00:1d93 4611686019135360866      /nix/store/gpxl5qgg8kicmcvivwmybwjlpf7wh20l-graalvm17-ce-22.3.0/lib/server/libjvm.so
7f0a95f41000-7f0a95f9d000 rw-p 00000000 00:00 0 
7f0a95f9d000-7f0a95fc5000 r--p 00000000 00:1d93 4611686019027979918      /nix/store/4nlgxhb09sdr51nc9hdm8az5b08vzkgx-glibc-2.35-163/lib/libc.so.6
7f0a95fc5000-7f0a9613b000 r-xp 00028000 00:1d93 4611686019027979918      /nix/store/4nlgxhb09sdr51nc9hdm8az5b08vzkgx-glibc-2.35-163/lib/libc.so.6
7f0a9613b000-7f0a96193000 r--p 0019e000 00:1d93 4611686019027979918      /nix/store/4nlgxhb09sdr51nc9hdm8az5b08vzkgx-glibc-2.35-163/lib/libc.so.6
7f0a96193000-7f0a96197000 r--p 001f6000 00:1d93 4611686019027979918      /nix/store/4nlgxhb09sdr51nc9hdm8az5b08vzkgx-glibc-2.35-163/lib/libc.so.6
7f0a96197000-7f0a96199000 rw-p 001fa000 00:1d93 4611686019027979918      /nix/store/4nlgxhb09sdr51nc9hdm8az5b08vzkgx-glibc-2.35-163/lib/libc.so.6
7f0a96199000-7f0a961a8000 rw-p 00000000 00:00 0 
7f0a961a8000-7f0a961a9000 r--p 00000000 00:1d93 4611686019027979923      /nix/store/4nlgxhb09sdr51nc9hdm8az5b08vzkgx-glibc-2.35-163/lib/libdl.so.2
7f0a961a9000-7f0a961aa000 r-xp 00001000 00:1d93 4611686019027979923      /nix/store/4nlgxhb09sdr51nc9hdm8az5b08vzkgx-glibc-2.35-163/lib/libdl.so.2
7f0a961aa000-7f0a961ab000 r--p 00002000 00:1d93 4611686019027979923      /nix/store/4nlgxhb09sdr51nc9hdm8az5b08vzkgx-glibc-2.35-163/lib/libdl.so.2
7f0a961ab000-7f0a961ac000 r--p 00002000 00:1d93 4611686019027979923      /nix/store/4nlgxhb09sdr51nc9hdm8az5b08vzkgx-glibc-2.35-163/lib/libdl.so.2
7f0a961ac000-7f0a961ad000 rw-p 00003000 00:1d93 4611686019027979923      /nix/store/4nlgxhb09sdr51nc9hdm8az5b08vzkgx-glibc-2.35-163/lib/libdl.so.2
7f0a961ad000-7f0a961ae000 r--p 00000000 00:1d93 4611686019027979942      /nix/store/4nlgxhb09sdr51nc9hdm8az5b08vzkgx-glibc-2.35-163/lib/libpthread.so.0
7f0a961ae000-7f0a961af000 r-xp 00001000 00:1d93 4611686019027979942      /nix/store/4nlgxhb09sdr51nc9hdm8az5b08vzkgx-glibc-2.35-163/lib/libpthread.so.0
7f0a961af000-7f0a961b0000 r--p 00002000 00:1d93 4611686019027979942      /nix/store/4nlgxhb09sdr51nc9hdm8az5b08vzkgx-glibc-2.35-163/lib/libpthread.so.0
7f0a961b0000-7f0a961b1000 r--p 00002000 00:1d93 4611686019027979942      /nix/store/4nlgxhb09sdr51nc9hdm8az5b08vzkgx-glibc-2.35-163/lib/libpthread.so.0
7f0a961b1000-7f0a961b2000 rw-p 00003000 00:1d93 4611686019027979942      /nix/store/4nlgxhb09sdr51nc9hdm8az5b08vzkgx-glibc-2.35-163/lib/libpthread.so.0
7f0a961b2000-7f0a961c0000 r-xp 00000000 00:1d93 4611686019135190033      /nix/store/gpxl5qgg8kicmcvivwmybwjlpf7wh20l-graalvm17-ce-22.3.0/lib/libjli.so
7f0a961c0000-7f0a961c1000 ---p 0000e000 00:1d93 4611686019135190033      /nix/store/gpxl5qgg8kicmcvivwmybwjlpf7wh20l-graalvm17-ce-22.3.0/lib/libjli.so
7f0a961c1000-7f0a961c2000 r--p 0000e000 00:1d93 4611686019135190033      /nix/store/gpxl5qgg8kicmcvivwmybwjlpf7wh20l-graalvm17-ce-22.3.0/lib/libjli.so
7f0a961c2000-7f0a961c3000 rw-p 0000f000 00:1d93 4611686019135190033      /nix/store/gpxl5qgg8kicmcvivwmybwjlpf7wh20l-graalvm17-ce-22.3.0/lib/libjli.so
7f0a961c3000-7f0a961c4000 rw-p 00012000 00:1d93 4611686019135190033      /nix/store/gpxl5qgg8kicmcvivwmybwjlpf7wh20l-graalvm17-ce-22.3.0/lib/libjli.so
7f0a961c4000-7f0a961c7000 r--p 00000000 00:1d93 4611686019106210071      /nix/store/026hln0aq1hyshaxsdvhg0kmcm6yf45r-zlib-1.2.13/lib/libz.so.1.2.13
7f0a961c7000-7f0a961d9000 r-xp 00003000 00:1d93 4611686019106210071      /nix/store/026hln0aq1hyshaxsdvhg0kmcm6yf45r-zlib-1.2.13/lib/libz.so.1.2.13
7f0a961d9000-7f0a961e0000 r--p 00015000 00:1d93 4611686019106210071      /nix/store/026hln0aq1hyshaxsdvhg0kmcm6yf45r-zlib-1.2.13/lib/libz.so.1.2.13
7f0a961e0000-7f0a961e1000 r--p 0001b000 00:1d93 4611686019106210071      /nix/store/026hln0aq1hyshaxsdvhg0kmcm6yf45r-zlib-1.2.13/lib/libz.so.1.2.13
7f0a961e1000-7f0a961e2000 rw-p 0001c000 00:1d93 4611686019106210071      /nix/store/026hln0aq1hyshaxsdvhg0kmcm6yf45r-zlib-1.2.13/lib/libz.so.1.2.13
7f0a961e2000-7f0a961e4000 rw-p 00000000 00:00 0 
7f0a961e4000-7f0a961e6000 r--p 00000000 00:1d93 4611686019027979912      /nix/store/4nlgxhb09sdr51nc9hdm8az5b08vzkgx-glibc-2.35-163/lib/ld-linux-x86-64.so.2
7f0a961e6000-7f0a9620d000 r-xp 00002000 00:1d93 4611686019027979912      /nix/store/4nlgxhb09sdr51nc9hdm8az5b08vzkgx-glibc-2.35-163/lib/ld-linux-x86-64.so.2
7f0a9620d000-7f0a96219000 r--p 00029000 00:1d93 4611686019027979912      /nix/store/4nlgxhb09sdr51nc9hdm8az5b08vzkgx-glibc-2.35-163/lib/ld-linux-x86-64.so.2
7f0a96219000-7f0a9621b000 r--p 00034000 00:1d93 4611686019027979912      /nix/store/4nlgxhb09sdr51nc9hdm8az5b08vzkgx-glibc-2.35-163/lib/ld-linux-x86-64.so.2
7f0a9621b000-7f0a9621d000 rw-p 00036000 00:1d93 4611686019027979912      /nix/store/4nlgxhb09sdr51nc9hdm8az5b08vzkgx-glibc-2.35-163/lib/ld-linux-x86-64.so.2
7ffdbd71f000-7ffdbd743000 rw-p 00000000 00:00 0                          [stack]
7ffdbd7ad000-7ffdbd7b1000 r--p 00000000 00:00 0                          [vvar]
7ffdbd7b1000-7ffdbd7b3000 r-xp 00000000 00:00 0                          [vdso]
ffffffffff600000-ffffffffff601000 --xp 00000000 00:00 0                  [vsyscall]


VM Arguments:
jvm_args: -XX:ThreadPriorityPolicy=1 -XX:+UnlockExperimentalVMOptions -XX:+EnableJVMCIProduct -XX:JVMCIThreadsPerNativeLibraryRuntime=1 -XX:-UnlockExperimentalVMOptions -Declipse.application=org.eclipse.jdt.ls.core.id1 -Dosgi.bundles.defaultStartLevel=4 -Declipse.product=org.eclipse.jdt.ls.core.product -Dlog.level=ALL -Xverify:none -XX:+UseParallelGC -XX:GCTimeRatio=4 -XX:AdaptiveSizePolicyWeight=90 -Dsun.zip.disableMemoryMapping=true -Xmx512m -Xms100m 
java_command: /nix/store/m6gcpi1ii6rghy04cjwjddcavv7i90df-jdt-language-server-1.9.0/share/java/plugins/org.eclipse.equinox.launcher_1.6.400.v20210924-0641.jar --add-modules=ALL-SYSTEM --add-opens java.base/java.util=ALL-UNNAMED --add-opens java.base/java.lang=ALL-UNNAMED -configuration /home/runner/.cache/jdt-language-server/config -data /home/runner/.cache/jdt-language-server/data/home/runner/zad43-1
java_class_path (initial): /nix/store/m6gcpi1ii6rghy04cjwjddcavv7i90df-jdt-language-server-1.9.0/share/java/plugins/org.eclipse.equinox.launcher_1.6.400.v20210924-0641.jar
Launcher Type: SUN_STANDARD

[Global flags]
    uintx AdaptiveSizePolicyWeight                 = 90                                        {product} {command line}
     intx CICompilerCount                          = 2                                         {product} {ergonomic}
     bool EnableJVMCIProduct                       = true                                {JVMCI product} {jimage}
    uintx GCTimeRatio                              = 4                                         {product} {command line}
   size_t InitialHeapSize                          = 104857600                                 {product} {command line}
     uint JVMCIThreadsPerNativeLibraryRuntime      = 1                                   {JVMCI product} {jimage}
   size_t MaxHeapSize                              = 536870912                                 {product} {command line}
   size_t MaxNewSize                               = 178782208                                 {product} {ergonomic}
   size_t MinHeapDeltaBytes                        = 524288                                    {product} {ergonomic}
   size_t MinHeapSize                              = 104857600                                 {product} {command line}
   size_t NewSize                                  = 34603008                                  {product} {ergonomic}
    uintx NonNMethodCodeHeapSize                   = 5826188                                {pd product} {ergonomic}
    uintx NonProfiledCodeHeapSize                  = 122916026                              {pd product} {ergonomic}
   size_t OldSize                                  = 70254592                                  {product} {ergonomic}
    uintx ProfiledCodeHeapSize                     = 122916026                              {pd product} {ergonomic}
    uintx ReservedCodeCacheSize                    = 251658240                              {pd product} {ergonomic}
     bool SegmentedCodeCache                       = true                                      {product} {ergonomic}
   size_t SoftMaxHeapSize                          = 536870912                              {manageable} {ergonomic}
     intx ThreadPriorityPolicy                     = 1                                         {product} {jimage}
     bool UseCompressedClassPointers               = true                           {product lp64_product} {ergonomic}
     bool UseCompressedOops                        = true                           {product lp64_product} {ergonomic}
     bool UseParallelGC                            = true                                      {product} {command line}

Logging:
Log output configuration:
 #0: stdout all=warning uptime,level,tags
 #1: stderr all=off uptime,level,tags

Environment Variables:
JAVA_HOME=/nix/store/gpxl5qgg8kicmcvivwmybwjlpf7wh20l-graalvm17-ce-22.3.0
PATH=/nix/store/1d6ian3r8kdzspw8hacjhl3xkp40g1lj-binutils-wrapper-2.39/bin:/nix/store/dq0xwmsk1g0i2ayg6pb7y87na2knzylh-gcc-wrapper-11.3.0/bin:/nix/store/bap4d0lpcrhpwmpb8ayjcgkmvfj62lnq-bash-interactive-5.1-p16/bin:/nix/store/pr5n59mb4jzmfx6kanwxly0l07p861fg-patchelf-0.15.0/bin:/nix/store/1gf2flfqnpqbr1b4p4qz2f72y42bs56r-gcc-11.3.0/bin:/nix/store/57xv61c5zi8pphjbcwxxjlgc34p61ic9-glibc-2.35-163-bin/bin:/nix/store/a7gvj343m05j2s32xcnwr35v31ynlypr-coreutils-9.1/bin:/nix/store/039g378vc3pc3dvi9dzdlrd0i4q93qwf-binutils-2.39/bin:/nix/store/gpxl5qgg8kicmcvivwmybwjlpf7wh20l-graalvm17-ce-22.3.0/bin:/nix/store/6z9ag3ihc8mq2hzsw48lhbznvzny65nz-apache-maven-3.8.6/bin:/nix/store/m6gcpi1ii6rghy04cjwjddcavv7i90df-jdt-language-server-1.9.0/bin:/nix/store/84xs5alhs01zrbr4ywm05kxbjbp5590l-java-debug/bin:/nix/store/mydc6f4k2z73xlcz7ilif3v2lcaiqvza-findutils-4.9.0/bin:/nix/store/j9p3g8472iijd50vhdprx0nmk2fqn5gv-diffutils-3.8/bin:/nix/store/89zs7rms6x00xfq4dq6m7mjnhkr8a6r4-gnused-4.8/bin:/nix/store/86bp03jkmsl6f92w0yzg4s59g5mhxwmy-gnugrep-3.7/bin:/nix/store/hwcdqw4jrjnd37wxqgsd47hd0j8bnj09-gawk-5.1.1/bin:/nix/store/cfbhw8r8ags41vwqaz47r583d0p4h4a1-gnutar-1.34/bin:/nix/store/p3m1ndl1lapwrlh698bnb5lvvxh67378-gzip-1.12/bin:/nix/store/a8mhcagrsly7c7mpjrpsnaahk4aax056-bzip2-1.0.8-bin/bin:/nix/store/mblgz65m3zv9x548a3d5m96fj2pbwr09-gnumake-4.3/bin:/nix/store/dsd5gz46hdbdk2rfdimqddhq6m8m8fqs-bash-5.1-p16/bin:/nix/store/v7ljksji50mg3w61dykaa3n3y79n6nil-patch-2.7.6/bin:/nix/store/zlcnmqq14jz5x9439jf937mvayyl63da-xz-5.2.7-bin/bin:/nix/store/y6aj732zm9m87c82fpvf103a1xb22blp-file-5.43/bin:/nix/store/i4kzir3m7mrisxmf5xvlnkw01x4qaqr4-prybar-elisp-0.0.0-e0d9a52/bin:/nix/store/lwwivxf6h7x3cvxp9zv8sj0mv7dak99r-prybar-lua-0.0.0-e0d9a52/bin:/nix/store/gxj28g1cg4hq3qanmjv07156h800qr58-prybar-python3-0.0.0-e0d9a52/bin:/nix/store/hshkjnxrgidigf8x75vg6lqng2xlx9i3-prybar-sqlite-0.0.0-e0d9a52/bin:/nix/store/c4w01bpjgyy5ixmwdk8m1pw87zq4sl26-prybar-tcl-0.0.0-e0d9a52/bin:/nix/store/hpbvrlwd5viqmvcaisb3x0118i913a9n-st
LD_LIBRARY_PATH=/nix/store/a4pff549sk2idnkpzk5nsfps3mdkdnvm-cups-2.4.2-lib/lib:/nix/store/72mqxxhh3cy5yifh92wh2yb8cl2hikyy-cairo-1.16.0/lib:/nix/store/2k366jrbsra97gjfxwvrhvixjfxdach5-glib-2.74.1/lib:/nix/store/2j2znigd8ak37rlwh9khz0ry3clqlw1l-gtk+3-3.24.34/lib:/nix/store/hisqvx32cd57apbpcsnkpx6k3549wql1-libglvnd-1.4.0/lib:/nix/store/p36pgcv991mq5srvg765b78yqpxvk3qs-mesa-21.3.3-drivers/lib:/nix/store/mav4251if1ahjq5vkpwycyyvnmy459c4-pulseaudio-14.2/lib
DISPLAY=:0
LANG=en_US.UTF-8

Signal Handlers:
   SIGSEGV: crash_handler in libjvm.so, mask=11100100010111111101111111111110, flags=SA_RESTART|SA_SIGINFO
    SIGBUS: crash_handler in libjvm.so, mask=11100100010111111101111111111110, flags=SA_RESTART|SA_SIGINFO
    SIGFPE: crash_handler in libjvm.so, mask=11100100010111111101111111111110, flags=SA_RESTART|SA_SIGINFO
   SIGPIPE: IsolateEnterStub_IgnoreSIGPIPEStartupHook_noopSignalHandler_8f19bff2f35b5f630d83b364d6b2339320d4ec70_216e8361c6bc87a8f89f58cc10d3b2fd4415bf87 in libjvmcicompiler.so, mask=00000000000000000000000000000000, flags=SA_RESTART
  *** Handler was modified!
  *** Expected: javaSignalHandler in libjvm.so, mask=11100100110111111111111111111110, flags=SA_RESTART|SA_SIGINFO
   SIGXFSZ: javaSignalHandler in libjvm.so, mask=11100100010111111101111111111110, flags=SA_RESTART|SA_SIGINFO
    SIGILL: crash_handler in libjvm.so, mask=11100100010111111101111111111110, flags=SA_RESTART|SA_SIGINFO
   SIGUSR2: SR_handler in libjvm.so, mask=00000000000000000000000000000000, flags=SA_RESTART|SA_SIGINFO
    SIGHUP: UserHandler in libjvm.so, mask=11100100010111111101111111111110, flags=SA_RESTART|SA_SIGINFO
    SIGINT: UserHandler in libjvm.so, mask=11100100010111111101111111111110, flags=SA_RESTART|SA_SIGINFO
   SIGTERM: UserHandler in libjvm.so, mask=11100100010111111101111111111110, flags=SA_RESTART|SA_SIGINFO
   SIGQUIT: UserHandler in libjvm.so, mask=11100100010111111101111111111110, flags=SA_RESTART|SA_SIGINFO
  *** Handler was modified!
  *** Expected: javaSignalHandler in libjvm.so, mask=11100100110111111111111111111110, flags=SA_RESTART|SA_SIGINFO
   SIGTRAP: crash_handler in libjvm.so, mask=11100100010111111101111111111110, flags=SA_RESTART|SA_SIGINFO


---------------  S Y S T E M  ---------------

OS:
DISTRIB_ID=Ubuntu
DISTRIB_RELEASE=20.04
DISTRIB_CODENAME=focal
DISTRIB_DESCRIPTION="Ubuntu 20.04.2 LTS"
uname: Linux 5.15.0-1032-gcp #40~20.04.1-Ubuntu SMP Tue Apr 11 02:49:52 UTC 2023 x86_64
OS uptime: 0 days 6:24 hours
libc: glibc 2.35 NPTL 2.35 
rlimit (soft/hard): STACK 8192k/infinity , CORE infinity/infinity , NPROC infinity/infinity , NOFILE 5242/5242 , AS infinity/infinity , CPU infinity/infinity , DATA infinity/infinity , FSIZE infinity/infinity , MEMLOCK 64k/64k
load average: 10.78 14.40 15.40

/proc/meminfo:
MemTotal:       65852700 kB
MemFree:        16316016 kB
MemAvailable:   41799920 kB
Buffers:         2633940 kB
Cached:         21211612 kB
SwapCached:            0 kB
Active:         10139292 kB
Inactive:       34400092 kB
Active(anon):      18408 kB
Inactive(anon): 20523196 kB
Active(file):   10120884 kB
Inactive(file): 13876896 kB
Unevictable:       42816 kB
Mlocked:           42816 kB
SwapTotal:             0 kB
SwapFree:              0 kB
Dirty:              2648 kB
Writeback:             0 kB
AnonPages:      19140856 kB
Mapped:          2065332 kB
Shmem:             86532 kB
KReclaimable:    2212724 kB
Slab:            3795044 kB
SReclaimable:    2212724 kB
SUnreclaim:      1582320 kB
KernelStack:      472700 kB
PageTables:       205608 kB
NFS_Unstable:          0 kB
Bounce:                0 kB
WritebackTmp:          0 kB
CommitLimit:    32926348 kB
Committed_AS:   75972480 kB
VmallocTotal:   34359738367 kB
VmallocUsed:      516272 kB
VmallocChunk:          0 kB
Percpu:            75520 kB
HardwareCorrupted:     0 kB
AnonHugePages:   2805760 kB
ShmemHugePages:        0 kB
ShmemPmdMapped:        0 kB
FileHugePages:         0 kB
FilePmdMapped:         0 kB
HugePages_Total:       0
HugePages_Free:        0
HugePages_Rsvd:        0
HugePages_Surp:        0
Hugepagesize:       2048 kB
Hugetlb:               0 kB
DirectMap4k:     5139256 kB
DirectMap2M:    54626304 kB
DirectMap1G:     9437184 kB

/sys/kernel/mm/transparent_hugepage/enabled: always [madvise] never
/sys/kernel/mm/transparent_hugepage/defrag (defrag/compaction efforts parameter): always defer defer+madvise [madvise] never

Process Memory:
Virtual Size: 5473368K (peak: 5510972K)
Resident Set Size: 760868K (peak: 796312K) (anon: 567384K, file: 193484K, shmem: 0K)
Swapped out: 0K
C-Heap outstanding allocations: 44134K, retained: 14965K
glibc malloc tunables: (default)

/proc/sys/kernel/threads-max (system-wide limit on the number of threads): 514406
/proc/sys/vm/max_map_count (maximum number of memory map areas a process may have): 65530
/proc/sys/kernel/pid_max (system-wide limit on number of process identifiers): 4194304

container (cgroup) information:
container_type: cgroupv1
cpu_cpuset_cpus: 2-7
cpu_memory_nodes: 0
active_processor_count: 1
cpu_quota: 50000
cpu_period: 100000
cpu_shares: 512
memory_limit_in_bytes: 1048576 k
memory_and_swap_limit_in_bytes: 1048576 k
memory_soft_limit_in_bytes: 524288 k
memory_usage_in_bytes: 929400 k
memory_max_usage_in_bytes: 1048576 k
maximum number of tasks: 1000
current number of tasks: 54

KVM virtualization detected
Steal ticks since vm start: 0
Steal ticks percentage since vm start:  0.000

CPU: total 8 (initial active 1) (8 cores per cpu, 2 threads per core) family 23 model 49 stepping 0 microcode 0xffffffff, cx8, cmov, fxsr, ht, mmx, 3dnowpref, sse, sse2, sse3, ssse3, sse4a, sse4.1, sse4.2, popcnt, lzcnt, tsc, tscinvbit, avx, avx2, aes, clmul, bmi1, bmi2, adx, sha, fma, vzeroupper, clflush, clflushopt, hv
CPU Model and flags from /proc/cpuinfo:
model name	: AMD EPYC 7B12
flags		: fpu vme de pse tsc msr pae mce cx8 apic sep mtrr pge mca cmov pat pse36 clflush mmx fxsr sse sse2 ht syscall nx mmxext fxsr_opt pdpe1gb rdtscp lm constant_tsc rep_good nopl nonstop_tsc cpuid extd_apicid tsc_known_freq pni pclmulqdq ssse3 fma cx16 sse4_1 sse4_2 movbe popcnt aes xsave avx f16c rdrand hypervisor lahf_lm cmp_legacy cr8_legacy abm sse4a misalignsse 3dnowprefetch osvw topoext ssbd ibrs ibpb stibp vmmcall fsgsbase tsc_adjust bmi1 avx2 smep bmi2 rdseed adx smap clflushopt clwb sha_ni xsaveopt xsavec xgetbv1 clzero xsaveerptr arat npt nrip_save umip rdpid

Online cpus: 0-7
Offline cpus: 
BIOS frequency limitation: <Not Available>
Frequency switch latency (ns): <Not Available>
Available cpu frequencies: <Not Available>
Current governor: <Not Available>
Core performance/turbo boost: <Not Available>

Memory: 4k page, physical 1048576k(119040k free), swap 0k(0k free)
Page Sizes: 4k

vm_info: OpenJDK 64-Bit Server VM (17.0.5+8-jvmci-22.3-b08) for linux-amd64 JRE (17.0.5+8-jvmci-22.3-b08), built on Oct 19 2022 09:01:27 by "buildslave" with gcc 10.3.0

END.
